[2019-02-14 00:20:04,557] {jobs.py:391} INFO - Started process (PID=29812) to work on /home/ubuntu/consumer-insights/src/airflow/dags/my_dag.py
[2019-02-14 00:20:04,561] {jobs.py:1675} INFO - Processing file /home/ubuntu/consumer-insights/src/airflow/dags/my_dag.py for tasks to queue
[2019-02-14 00:20:04,561] {logging_mixin.py:95} INFO - [2019-02-14 00:20:04,561] {models.py:273} INFO - Filling up the DagBag from /home/ubuntu/consumer-insights/src/airflow/dags/my_dag.py
[2019-02-14 00:20:04,566] {logging_mixin.py:95} INFO - [2019-02-14 00:20:04,565] {models.py:377} ERROR - Failed to import: /home/ubuntu/consumer-insights/src/airflow/dags/my_dag.py
Traceback (most recent call last):
  File "/usr/local/lib/python3.5/dist-packages/airflow/models.py", line 374, in process_file
    m = imp.load_source(mod_name, filepath)
  File "/usr/lib/python3.5/imp.py", line 172, in load_source
    module = _load(spec)
  File "<frozen importlib._bootstrap>", line 693, in _load
  File "<frozen importlib._bootstrap>", line 673, in _load_unlocked
  File "<frozen importlib._bootstrap_external>", line 665, in exec_module
  File "<frozen importlib._bootstrap>", line 222, in _call_with_frames_removed
  File "/home/ubuntu/consumer-insights/src/airflow/dags/my_dag.py", line 7, in <module>
    import datatime as dt
ImportError: No module named 'datatime'
[2019-02-14 00:20:04,567] {jobs.py:1689} WARNING - No viable dags retrieved from /home/ubuntu/consumer-insights/src/airflow/dags/my_dag.py
[2019-02-14 00:20:04,578] {jobs.py:399} INFO - Processing /home/ubuntu/consumer-insights/src/airflow/dags/my_dag.py took 0.021 seconds
[2019-02-14 00:21:08,199] {jobs.py:391} INFO - Started process (PID=29878) to work on /home/ubuntu/consumer-insights/src/airflow/dags/my_dag.py
[2019-02-14 00:21:08,202] {jobs.py:1675} INFO - Processing file /home/ubuntu/consumer-insights/src/airflow/dags/my_dag.py for tasks to queue
[2019-02-14 00:21:08,202] {logging_mixin.py:95} INFO - [2019-02-14 00:21:08,202] {models.py:273} INFO - Filling up the DagBag from /home/ubuntu/consumer-insights/src/airflow/dags/my_dag.py
[2019-02-14 00:21:08,208] {logging_mixin.py:95} INFO - [2019-02-14 00:21:08,207] {models.py:2558} WARNING - schedule_interval is used for <Task(BashOperator): spark_job>, though it has been deprecated as a task parameter, you need to specify it as a DAG parameter instead
[2019-02-14 00:21:08,209] {logging_mixin.py:95} INFO - [2019-02-14 00:21:08,209] {models.py:2558} WARNING - schedule_interval is used for <Task(BashOperator): spark_job>, though it has been deprecated as a task parameter, you need to specify it as a DAG parameter instead
[2019-02-14 00:21:08,209] {logging_mixin.py:95} INFO - [2019-02-14 00:21:08,209] {models.py:2558} WARNING - schedule_interval is used for <Task(BashOperator): elastic_updated>, though it has been deprecated as a task parameter, you need to specify it as a DAG parameter instead
[2019-02-14 00:21:08,210] {jobs.py:1687} INFO - DAG(s) dict_keys(['my_dag']) retrieved from /home/ubuntu/consumer-insights/src/airflow/dags/my_dag.py
[2019-02-14 00:21:08,216] {logging_mixin.py:95} INFO - [2019-02-14 00:21:08,216] {models.py:4409} INFO - Creating ORM DAG for my_dag
[2019-02-14 00:21:08,239] {jobs.py:399} INFO - Processing /home/ubuntu/consumer-insights/src/airflow/dags/my_dag.py took 0.039 seconds
[2019-02-14 00:21:48,243] {jobs.py:391} INFO - Started process (PID=29922) to work on /home/ubuntu/consumer-insights/src/airflow/dags/my_dag.py
[2019-02-14 00:21:48,246] {jobs.py:1675} INFO - Processing file /home/ubuntu/consumer-insights/src/airflow/dags/my_dag.py for tasks to queue
[2019-02-14 00:21:48,247] {logging_mixin.py:95} INFO - [2019-02-14 00:21:48,246] {models.py:273} INFO - Filling up the DagBag from /home/ubuntu/consumer-insights/src/airflow/dags/my_dag.py
[2019-02-14 00:21:48,252] {logging_mixin.py:95} INFO - [2019-02-14 00:21:48,251] {models.py:2558} WARNING - schedule_interval is used for <Task(BashOperator): spark_job>, though it has been deprecated as a task parameter, you need to specify it as a DAG parameter instead
[2019-02-14 00:21:48,252] {logging_mixin.py:95} INFO - [2019-02-14 00:21:48,252] {models.py:2558} WARNING - schedule_interval is used for <Task(BashOperator): spark_job>, though it has been deprecated as a task parameter, you need to specify it as a DAG parameter instead
[2019-02-14 00:21:48,252] {logging_mixin.py:95} INFO - [2019-02-14 00:21:48,252] {models.py:2558} WARNING - schedule_interval is used for <Task(BashOperator): elastic_updated>, though it has been deprecated as a task parameter, you need to specify it as a DAG parameter instead
[2019-02-14 00:21:48,253] {jobs.py:1687} INFO - DAG(s) dict_keys(['my_dag']) retrieved from /home/ubuntu/consumer-insights/src/airflow/dags/my_dag.py
[2019-02-14 00:21:48,276] {jobs.py:399} INFO - Processing /home/ubuntu/consumer-insights/src/airflow/dags/my_dag.py took 0.032 seconds
[2019-02-14 00:22:55,423] {jobs.py:391} INFO - Started process (PID=29961) to work on /home/ubuntu/consumer-insights/src/airflow/dags/my_dag.py
[2019-02-14 00:22:55,426] {jobs.py:1675} INFO - Processing file /home/ubuntu/consumer-insights/src/airflow/dags/my_dag.py for tasks to queue
[2019-02-14 00:22:55,426] {logging_mixin.py:95} INFO - [2019-02-14 00:22:55,426] {models.py:273} INFO - Filling up the DagBag from /home/ubuntu/consumer-insights/src/airflow/dags/my_dag.py
[2019-02-14 00:22:55,432] {logging_mixin.py:95} INFO - [2019-02-14 00:22:55,431] {models.py:2558} WARNING - schedule_interval is used for <Task(BashOperator): spark_job>, though it has been deprecated as a task parameter, you need to specify it as a DAG parameter instead
[2019-02-14 00:22:55,432] {logging_mixin.py:95} INFO - [2019-02-14 00:22:55,432] {models.py:2558} WARNING - schedule_interval is used for <Task(BashOperator): spark_job>, though it has been deprecated as a task parameter, you need to specify it as a DAG parameter instead
[2019-02-14 00:22:55,432] {logging_mixin.py:95} INFO - [2019-02-14 00:22:55,432] {models.py:2558} WARNING - schedule_interval is used for <Task(BashOperator): elastic_updated>, though it has been deprecated as a task parameter, you need to specify it as a DAG parameter instead
[2019-02-14 00:22:55,433] {jobs.py:1687} INFO - DAG(s) dict_keys(['my_dag']) retrieved from /home/ubuntu/consumer-insights/src/airflow/dags/my_dag.py
[2019-02-14 00:22:55,456] {jobs.py:1422} INFO - Processing my_dag
[2019-02-14 00:22:55,464] {jobs.py:626} INFO - Skipping SLA check for <DAG: my_dag> because no tasks in DAG have SLAs
[2019-02-14 00:22:55,509] {jobs.py:399} INFO - Processing /home/ubuntu/consumer-insights/src/airflow/dags/my_dag.py took 0.086 seconds
[2019-02-14 00:23:35,467] {jobs.py:391} INFO - Started process (PID=30010) to work on /home/ubuntu/consumer-insights/src/airflow/dags/my_dag.py
[2019-02-14 00:23:35,469] {jobs.py:1675} INFO - Processing file /home/ubuntu/consumer-insights/src/airflow/dags/my_dag.py for tasks to queue
[2019-02-14 00:23:35,470] {logging_mixin.py:95} INFO - [2019-02-14 00:23:35,469] {models.py:273} INFO - Filling up the DagBag from /home/ubuntu/consumer-insights/src/airflow/dags/my_dag.py
[2019-02-14 00:23:35,475] {logging_mixin.py:95} INFO - [2019-02-14 00:23:35,474] {models.py:2558} WARNING - schedule_interval is used for <Task(BashOperator): spark_job>, though it has been deprecated as a task parameter, you need to specify it as a DAG parameter instead
[2019-02-14 00:23:35,475] {logging_mixin.py:95} INFO - [2019-02-14 00:23:35,475] {models.py:2558} WARNING - schedule_interval is used for <Task(BashOperator): spark_job>, though it has been deprecated as a task parameter, you need to specify it as a DAG parameter instead
[2019-02-14 00:23:35,475] {logging_mixin.py:95} INFO - [2019-02-14 00:23:35,475] {models.py:2558} WARNING - schedule_interval is used for <Task(BashOperator): elastic_updated>, though it has been deprecated as a task parameter, you need to specify it as a DAG parameter instead
[2019-02-14 00:23:35,476] {jobs.py:1687} INFO - DAG(s) dict_keys(['my_dag']) retrieved from /home/ubuntu/consumer-insights/src/airflow/dags/my_dag.py
[2019-02-14 00:23:35,498] {jobs.py:399} INFO - Processing /home/ubuntu/consumer-insights/src/airflow/dags/my_dag.py took 0.031 seconds
[2019-02-14 00:24:15,507] {jobs.py:391} INFO - Started process (PID=30052) to work on /home/ubuntu/consumer-insights/src/airflow/dags/my_dag.py
[2019-02-14 00:24:15,510] {jobs.py:1675} INFO - Processing file /home/ubuntu/consumer-insights/src/airflow/dags/my_dag.py for tasks to queue
[2019-02-14 00:24:15,510] {logging_mixin.py:95} INFO - [2019-02-14 00:24:15,510] {models.py:273} INFO - Filling up the DagBag from /home/ubuntu/consumer-insights/src/airflow/dags/my_dag.py
[2019-02-14 00:24:15,518] {logging_mixin.py:95} INFO - [2019-02-14 00:24:15,517] {models.py:2558} WARNING - schedule_interval is used for <Task(BashOperator): spark_job>, though it has been deprecated as a task parameter, you need to specify it as a DAG parameter instead
[2019-02-14 00:24:15,518] {logging_mixin.py:95} INFO - [2019-02-14 00:24:15,518] {models.py:2558} WARNING - schedule_interval is used for <Task(BashOperator): spark_job>, though it has been deprecated as a task parameter, you need to specify it as a DAG parameter instead
[2019-02-14 00:24:15,518] {logging_mixin.py:95} INFO - [2019-02-14 00:24:15,518] {models.py:2558} WARNING - schedule_interval is used for <Task(BashOperator): elastic_updated>, though it has been deprecated as a task parameter, you need to specify it as a DAG parameter instead
[2019-02-14 00:24:15,519] {jobs.py:1687} INFO - DAG(s) dict_keys(['my_dag']) retrieved from /home/ubuntu/consumer-insights/src/airflow/dags/my_dag.py
[2019-02-14 00:24:15,577] {jobs.py:399} INFO - Processing /home/ubuntu/consumer-insights/src/airflow/dags/my_dag.py took 0.070 seconds
[2019-02-14 00:24:55,554] {jobs.py:391} INFO - Started process (PID=30096) to work on /home/ubuntu/consumer-insights/src/airflow/dags/my_dag.py
[2019-02-14 00:24:55,558] {jobs.py:1675} INFO - Processing file /home/ubuntu/consumer-insights/src/airflow/dags/my_dag.py for tasks to queue
[2019-02-14 00:24:55,558] {logging_mixin.py:95} INFO - [2019-02-14 00:24:55,558] {models.py:273} INFO - Filling up the DagBag from /home/ubuntu/consumer-insights/src/airflow/dags/my_dag.py
[2019-02-14 00:24:55,609] {logging_mixin.py:95} INFO - [2019-02-14 00:24:55,609] {models.py:2558} WARNING - schedule_interval is used for <Task(BashOperator): spark_job>, though it has been deprecated as a task parameter, you need to specify it as a DAG parameter instead
[2019-02-14 00:24:55,610] {logging_mixin.py:95} INFO - [2019-02-14 00:24:55,610] {models.py:2558} WARNING - schedule_interval is used for <Task(BashOperator): spark_job>, though it has been deprecated as a task parameter, you need to specify it as a DAG parameter instead
[2019-02-14 00:24:55,610] {logging_mixin.py:95} INFO - [2019-02-14 00:24:55,610] {models.py:2558} WARNING - schedule_interval is used for <Task(BashOperator): elastic_updated>, though it has been deprecated as a task parameter, you need to specify it as a DAG parameter instead
[2019-02-14 00:24:55,611] {jobs.py:1687} INFO - DAG(s) dict_keys(['my_dag']) retrieved from /home/ubuntu/consumer-insights/src/airflow/dags/my_dag.py
[2019-02-14 00:24:55,629] {jobs.py:399} INFO - Processing /home/ubuntu/consumer-insights/src/airflow/dags/my_dag.py took 0.074 seconds
[2019-02-14 00:26:23,389] {jobs.py:391} INFO - Started process (PID=30170) to work on /home/ubuntu/consumer-insights/src/airflow/dags/my_dag.py
[2019-02-14 00:26:23,392] {jobs.py:1675} INFO - Processing file /home/ubuntu/consumer-insights/src/airflow/dags/my_dag.py for tasks to queue
[2019-02-14 00:26:23,392] {logging_mixin.py:95} INFO - [2019-02-14 00:26:23,392] {models.py:273} INFO - Filling up the DagBag from /home/ubuntu/consumer-insights/src/airflow/dags/my_dag.py
[2019-02-14 00:26:23,398] {logging_mixin.py:95} INFO - [2019-02-14 00:26:23,397] {models.py:2558} WARNING - schedule_interval is used for <Task(BashOperator): spark_job>, though it has been deprecated as a task parameter, you need to specify it as a DAG parameter instead
[2019-02-14 00:26:23,398] {logging_mixin.py:95} INFO - [2019-02-14 00:26:23,398] {models.py:2558} WARNING - schedule_interval is used for <Task(BashOperator): elastic_updated>, though it has been deprecated as a task parameter, you need to specify it as a DAG parameter instead
[2019-02-14 00:26:23,399] {jobs.py:1687} INFO - DAG(s) dict_keys(['my_dag']) retrieved from /home/ubuntu/consumer-insights/src/airflow/dags/my_dag.py
[2019-02-14 00:26:23,419] {jobs.py:399} INFO - Processing /home/ubuntu/consumer-insights/src/airflow/dags/my_dag.py took 0.030 seconds
[2019-02-14 00:27:03,432] {jobs.py:391} INFO - Started process (PID=30214) to work on /home/ubuntu/consumer-insights/src/airflow/dags/my_dag.py
[2019-02-14 00:27:03,442] {jobs.py:1675} INFO - Processing file /home/ubuntu/consumer-insights/src/airflow/dags/my_dag.py for tasks to queue
[2019-02-14 00:27:03,442] {logging_mixin.py:95} INFO - [2019-02-14 00:27:03,442] {models.py:273} INFO - Filling up the DagBag from /home/ubuntu/consumer-insights/src/airflow/dags/my_dag.py
[2019-02-14 00:27:03,448] {logging_mixin.py:95} INFO - [2019-02-14 00:27:03,447] {models.py:2558} WARNING - schedule_interval is used for <Task(BashOperator): spark_job>, though it has been deprecated as a task parameter, you need to specify it as a DAG parameter instead
[2019-02-14 00:27:03,448] {logging_mixin.py:95} INFO - [2019-02-14 00:27:03,448] {models.py:2558} WARNING - schedule_interval is used for <Task(BashOperator): elastic_updated>, though it has been deprecated as a task parameter, you need to specify it as a DAG parameter instead
[2019-02-14 00:27:03,449] {jobs.py:1687} INFO - DAG(s) dict_keys(['my_dag']) retrieved from /home/ubuntu/consumer-insights/src/airflow/dags/my_dag.py
[2019-02-14 00:27:03,470] {jobs.py:399} INFO - Processing /home/ubuntu/consumer-insights/src/airflow/dags/my_dag.py took 0.039 seconds
[2019-02-14 00:27:43,471] {jobs.py:391} INFO - Started process (PID=30260) to work on /home/ubuntu/consumer-insights/src/airflow/dags/my_dag.py
[2019-02-14 00:27:43,474] {jobs.py:1675} INFO - Processing file /home/ubuntu/consumer-insights/src/airflow/dags/my_dag.py for tasks to queue
[2019-02-14 00:27:43,474] {logging_mixin.py:95} INFO - [2019-02-14 00:27:43,474] {models.py:273} INFO - Filling up the DagBag from /home/ubuntu/consumer-insights/src/airflow/dags/my_dag.py
[2019-02-14 00:27:43,482] {logging_mixin.py:95} INFO - [2019-02-14 00:27:43,481] {models.py:2558} WARNING - schedule_interval is used for <Task(BashOperator): spark_job>, though it has been deprecated as a task parameter, you need to specify it as a DAG parameter instead
[2019-02-14 00:27:43,482] {logging_mixin.py:95} INFO - [2019-02-14 00:27:43,482] {models.py:2558} WARNING - schedule_interval is used for <Task(BashOperator): elastic_updated>, though it has been deprecated as a task parameter, you need to specify it as a DAG parameter instead
[2019-02-14 00:27:43,483] {jobs.py:1687} INFO - DAG(s) dict_keys(['my_dag']) retrieved from /home/ubuntu/consumer-insights/src/airflow/dags/my_dag.py
[2019-02-14 00:27:43,541] {jobs.py:399} INFO - Processing /home/ubuntu/consumer-insights/src/airflow/dags/my_dag.py took 0.070 seconds
[2019-02-14 00:28:23,511] {jobs.py:391} INFO - Started process (PID=30302) to work on /home/ubuntu/consumer-insights/src/airflow/dags/my_dag.py
[2019-02-14 00:28:23,514] {jobs.py:1675} INFO - Processing file /home/ubuntu/consumer-insights/src/airflow/dags/my_dag.py for tasks to queue
[2019-02-14 00:28:23,514] {logging_mixin.py:95} INFO - [2019-02-14 00:28:23,514] {models.py:273} INFO - Filling up the DagBag from /home/ubuntu/consumer-insights/src/airflow/dags/my_dag.py
[2019-02-14 00:28:23,560] {logging_mixin.py:95} INFO - [2019-02-14 00:28:23,560] {models.py:2558} WARNING - schedule_interval is used for <Task(BashOperator): spark_job>, though it has been deprecated as a task parameter, you need to specify it as a DAG parameter instead
[2019-02-14 00:28:23,561] {logging_mixin.py:95} INFO - [2019-02-14 00:28:23,561] {models.py:2558} WARNING - schedule_interval is used for <Task(BashOperator): elastic_updated>, though it has been deprecated as a task parameter, you need to specify it as a DAG parameter instead
[2019-02-14 00:28:23,561] {jobs.py:1687} INFO - DAG(s) dict_keys(['my_dag']) retrieved from /home/ubuntu/consumer-insights/src/airflow/dags/my_dag.py
[2019-02-14 00:28:23,579] {jobs.py:399} INFO - Processing /home/ubuntu/consumer-insights/src/airflow/dags/my_dag.py took 0.068 seconds
[2019-02-14 00:29:03,554] {jobs.py:391} INFO - Started process (PID=30346) to work on /home/ubuntu/consumer-insights/src/airflow/dags/my_dag.py
[2019-02-14 00:29:03,564] {jobs.py:1675} INFO - Processing file /home/ubuntu/consumer-insights/src/airflow/dags/my_dag.py for tasks to queue
[2019-02-14 00:29:03,564] {logging_mixin.py:95} INFO - [2019-02-14 00:29:03,564] {models.py:273} INFO - Filling up the DagBag from /home/ubuntu/consumer-insights/src/airflow/dags/my_dag.py
[2019-02-14 00:29:03,569] {logging_mixin.py:95} INFO - [2019-02-14 00:29:03,568] {models.py:2558} WARNING - schedule_interval is used for <Task(BashOperator): spark_job>, though it has been deprecated as a task parameter, you need to specify it as a DAG parameter instead
[2019-02-14 00:29:03,570] {logging_mixin.py:95} INFO - [2019-02-14 00:29:03,570] {models.py:2558} WARNING - schedule_interval is used for <Task(BashOperator): elastic_updated>, though it has been deprecated as a task parameter, you need to specify it as a DAG parameter instead
[2019-02-14 00:29:03,571] {jobs.py:1687} INFO - DAG(s) dict_keys(['my_dag']) retrieved from /home/ubuntu/consumer-insights/src/airflow/dags/my_dag.py
[2019-02-14 00:29:03,591] {jobs.py:399} INFO - Processing /home/ubuntu/consumer-insights/src/airflow/dags/my_dag.py took 0.036 seconds
[2019-02-14 00:29:43,596] {jobs.py:391} INFO - Started process (PID=30392) to work on /home/ubuntu/consumer-insights/src/airflow/dags/my_dag.py
[2019-02-14 00:29:43,598] {jobs.py:1675} INFO - Processing file /home/ubuntu/consumer-insights/src/airflow/dags/my_dag.py for tasks to queue
[2019-02-14 00:29:43,598] {logging_mixin.py:95} INFO - [2019-02-14 00:29:43,598] {models.py:273} INFO - Filling up the DagBag from /home/ubuntu/consumer-insights/src/airflow/dags/my_dag.py
[2019-02-14 00:29:43,604] {logging_mixin.py:95} INFO - [2019-02-14 00:29:43,603] {models.py:2558} WARNING - schedule_interval is used for <Task(BashOperator): spark_job>, though it has been deprecated as a task parameter, you need to specify it as a DAG parameter instead
[2019-02-14 00:29:43,604] {logging_mixin.py:95} INFO - [2019-02-14 00:29:43,604] {models.py:2558} WARNING - schedule_interval is used for <Task(BashOperator): elastic_updated>, though it has been deprecated as a task parameter, you need to specify it as a DAG parameter instead
[2019-02-14 00:29:43,605] {jobs.py:1687} INFO - DAG(s) dict_keys(['my_dag']) retrieved from /home/ubuntu/consumer-insights/src/airflow/dags/my_dag.py
[2019-02-14 00:29:43,625] {jobs.py:399} INFO - Processing /home/ubuntu/consumer-insights/src/airflow/dags/my_dag.py took 0.030 seconds
[2019-02-14 00:30:23,637] {jobs.py:391} INFO - Started process (PID=30436) to work on /home/ubuntu/consumer-insights/src/airflow/dags/my_dag.py
[2019-02-14 00:30:23,640] {jobs.py:1675} INFO - Processing file /home/ubuntu/consumer-insights/src/airflow/dags/my_dag.py for tasks to queue
[2019-02-14 00:30:23,640] {logging_mixin.py:95} INFO - [2019-02-14 00:30:23,640] {models.py:273} INFO - Filling up the DagBag from /home/ubuntu/consumer-insights/src/airflow/dags/my_dag.py
[2019-02-14 00:30:23,646] {logging_mixin.py:95} INFO - [2019-02-14 00:30:23,645] {models.py:2558} WARNING - schedule_interval is used for <Task(BashOperator): spark_job>, though it has been deprecated as a task parameter, you need to specify it as a DAG parameter instead
[2019-02-14 00:30:23,646] {logging_mixin.py:95} INFO - [2019-02-14 00:30:23,646] {models.py:2558} WARNING - schedule_interval is used for <Task(BashOperator): elastic_updated>, though it has been deprecated as a task parameter, you need to specify it as a DAG parameter instead
[2019-02-14 00:30:23,648] {jobs.py:1687} INFO - DAG(s) dict_keys(['my_dag']) retrieved from /home/ubuntu/consumer-insights/src/airflow/dags/my_dag.py
[2019-02-14 00:30:23,668] {jobs.py:399} INFO - Processing /home/ubuntu/consumer-insights/src/airflow/dags/my_dag.py took 0.031 seconds
[2019-02-14 00:31:03,685] {jobs.py:391} INFO - Started process (PID=30480) to work on /home/ubuntu/consumer-insights/src/airflow/dags/my_dag.py
[2019-02-14 00:31:03,692] {jobs.py:1675} INFO - Processing file /home/ubuntu/consumer-insights/src/airflow/dags/my_dag.py for tasks to queue
[2019-02-14 00:31:03,693] {logging_mixin.py:95} INFO - [2019-02-14 00:31:03,692] {models.py:273} INFO - Filling up the DagBag from /home/ubuntu/consumer-insights/src/airflow/dags/my_dag.py
[2019-02-14 00:31:03,698] {logging_mixin.py:95} INFO - [2019-02-14 00:31:03,697] {models.py:2558} WARNING - schedule_interval is used for <Task(BashOperator): spark_job>, though it has been deprecated as a task parameter, you need to specify it as a DAG parameter instead
[2019-02-14 00:31:03,698] {logging_mixin.py:95} INFO - [2019-02-14 00:31:03,698] {models.py:2558} WARNING - schedule_interval is used for <Task(BashOperator): elastic_updated>, though it has been deprecated as a task parameter, you need to specify it as a DAG parameter instead
[2019-02-14 00:31:03,700] {jobs.py:1687} INFO - DAG(s) dict_keys(['my_dag']) retrieved from /home/ubuntu/consumer-insights/src/airflow/dags/my_dag.py
[2019-02-14 00:31:03,720] {jobs.py:399} INFO - Processing /home/ubuntu/consumer-insights/src/airflow/dags/my_dag.py took 0.034 seconds
[2019-02-14 00:31:43,720] {jobs.py:391} INFO - Started process (PID=30524) to work on /home/ubuntu/consumer-insights/src/airflow/dags/my_dag.py
[2019-02-14 00:31:43,724] {jobs.py:1675} INFO - Processing file /home/ubuntu/consumer-insights/src/airflow/dags/my_dag.py for tasks to queue
[2019-02-14 00:31:43,724] {logging_mixin.py:95} INFO - [2019-02-14 00:31:43,724] {models.py:273} INFO - Filling up the DagBag from /home/ubuntu/consumer-insights/src/airflow/dags/my_dag.py
[2019-02-14 00:31:43,729] {logging_mixin.py:95} INFO - [2019-02-14 00:31:43,728] {models.py:2558} WARNING - schedule_interval is used for <Task(BashOperator): spark_job>, though it has been deprecated as a task parameter, you need to specify it as a DAG parameter instead
[2019-02-14 00:31:43,730] {logging_mixin.py:95} INFO - [2019-02-14 00:31:43,729] {models.py:2558} WARNING - schedule_interval is used for <Task(BashOperator): elastic_updated>, though it has been deprecated as a task parameter, you need to specify it as a DAG parameter instead
[2019-02-14 00:31:43,730] {jobs.py:1687} INFO - DAG(s) dict_keys(['my_dag']) retrieved from /home/ubuntu/consumer-insights/src/airflow/dags/my_dag.py
[2019-02-14 00:31:43,751] {jobs.py:399} INFO - Processing /home/ubuntu/consumer-insights/src/airflow/dags/my_dag.py took 0.031 seconds
