[2019-02-14 00:20:02,559] {dag_processing.py:724} INFO - Processing files using up to 1 processes at a time 
[2019-02-14 00:20:02,559] {dag_processing.py:726} INFO - Process each file at most once every 0 seconds
[2019-02-14 00:20:02,559] {dag_processing.py:728} INFO - Checking for new files in /home/ubuntu/consumer-insights/src/airflow/dags every 300 seconds
[2019-02-14 00:20:02,568] {dag_processing.py:936} INFO - 
================================================================================
DAG File Processing Stats

File Path                                                                                                 PID  Runtime    Last Runtime    Last Run
------------------------------------------------------------------------------------------------------  -----  ---------  --------------  ----------
/home/ubuntu/consumer-insights/src/airflow/dags/my_dag.py
/usr/local/lib/python3.5/dist-packages/airflow/example_dags/example_latest_only.py
/usr/local/lib/python3.5/dist-packages/airflow/example_dags/example_short_circuit_operator.py
/usr/local/lib/python3.5/dist-packages/airflow/example_dags/example_passing_params_via_test_command.py
/usr/local/lib/python3.5/dist-packages/airflow/example_dags/example_trigger_target_dag.py
/usr/local/lib/python3.5/dist-packages/airflow/example_dags/example_latest_only_with_trigger.py
/usr/local/lib/python3.5/dist-packages/airflow/example_dags/example_xcom.py
/usr/local/lib/python3.5/dist-packages/airflow/example_dags/example_python_operator.py
/usr/local/lib/python3.5/dist-packages/airflow/example_dags/example_branch_operator.py
/usr/local/lib/python3.5/dist-packages/airflow/example_dags/example_docker_operator.py
/usr/local/lib/python3.5/dist-packages/airflow/example_dags/tutorial.py
/usr/local/lib/python3.5/dist-packages/airflow/example_dags/example_skip_dag.py
/usr/local/lib/python3.5/dist-packages/airflow/example_dags/example_http_operator.py
/usr/local/lib/python3.5/dist-packages/airflow/example_dags/example_subdag_operator.py
/usr/local/lib/python3.5/dist-packages/airflow/example_dags/example_branch_python_dop_operator_3.py
/usr/local/lib/python3.5/dist-packages/airflow/example_dags/example_trigger_controller_dag.py
/usr/local/lib/python3.5/dist-packages/airflow/example_dags/docker_copy_data.py
/usr/local/lib/python3.5/dist-packages/airflow/example_dags/example_bash_operator.py
/usr/local/lib/python3.5/dist-packages/airflow/example_dags/test_utils.py                               29809  0.00s
/usr/local/lib/python3.5/dist-packages/airflow/example_dags/subdags/subdag.py
================================================================================
[2019-02-14 00:20:14,560] {dag_processing.py:1157} INFO - Finding 'running' jobs without a recent heartbeat
[2019-02-14 00:20:14,560] {dag_processing.py:1162} INFO - Failing jobs without heartbeat after 2019-02-14 00:15:14.560735+00:00
[2019-02-14 00:20:24,570] {dag_processing.py:1157} INFO - Finding 'running' jobs without a recent heartbeat
[2019-02-14 00:20:24,570] {dag_processing.py:1162} INFO - Failing jobs without heartbeat after 2019-02-14 00:15:24.570932+00:00
[2019-02-14 00:20:32,585] {dag_processing.py:936} INFO - 
================================================================================
DAG File Processing Stats

File Path                                                                                                 PID  Runtime    Last Runtime    Last Run
------------------------------------------------------------------------------------------------------  -----  ---------  --------------  -------------------
/usr/local/lib/python3.5/dist-packages/airflow/example_dags/example_passing_params_via_test_command.py
/usr/local/lib/python3.5/dist-packages/airflow/example_dags/example_docker_operator.py
/usr/local/lib/python3.5/dist-packages/airflow/example_dags/example_skip_dag.py
/usr/local/lib/python3.5/dist-packages/airflow/example_dags/example_branch_python_dop_operator_3.py
/usr/local/lib/python3.5/dist-packages/airflow/example_dags/example_trigger_controller_dag.py           29846  0.00s
/usr/local/lib/python3.5/dist-packages/airflow/example_dags/test_utils.py                                                 1.99s           2019-02-14T00:20:04
/usr/local/lib/python3.5/dist-packages/airflow/example_dags/subdags/subdag.py                                             1.99s           2019-02-14T00:20:16
/usr/local/lib/python3.5/dist-packages/airflow/example_dags/example_subdag_operator.py                                    1.99s           2019-02-14T00:20:26
/usr/local/lib/python3.5/dist-packages/airflow/example_dags/example_http_operator.py                                      2.00s           2019-02-14T00:20:18
/usr/local/lib/python3.5/dist-packages/airflow/example_dags/tutorial.py                                                   2.00s           2019-02-14T00:20:14
/usr/local/lib/python3.5/dist-packages/airflow/example_dags/docker_copy_data.py                                           2.00s           2019-02-14T00:20:28
/usr/local/lib/python3.5/dist-packages/airflow/example_dags/example_trigger_target_dag.py                                 2.00s           2019-02-14T00:20:12
/usr/local/lib/python3.5/dist-packages/airflow/example_dags/example_xcom.py                                               2.00s           2019-02-14T00:20:20
/usr/local/lib/python3.5/dist-packages/airflow/example_dags/example_latest_only.py                                        2.00s           2019-02-14T00:20:24
/usr/local/lib/python3.5/dist-packages/airflow/example_dags/example_short_circuit_operator.py                             2.00s           2019-02-14T00:20:08
/usr/local/lib/python3.5/dist-packages/airflow/example_dags/example_latest_only_with_trigger.py                           2.00s           2019-02-14T00:20:30
/usr/local/lib/python3.5/dist-packages/airflow/example_dags/example_bash_operator.py                                      2.00s           2019-02-14T00:20:32
/usr/local/lib/python3.5/dist-packages/airflow/example_dags/example_branch_operator.py                                    2.00s           2019-02-14T00:20:22
/usr/local/lib/python3.5/dist-packages/airflow/example_dags/example_python_operator.py                                    2.00s           2019-02-14T00:20:10
/home/ubuntu/consumer-insights/src/airflow/dags/my_dag.py                                                                 2.00s           2019-02-14T00:20:06
================================================================================
[2019-02-14 00:20:34,581] {dag_processing.py:1157} INFO - Finding 'running' jobs without a recent heartbeat
[2019-02-14 00:20:34,581] {dag_processing.py:1162} INFO - Failing jobs without heartbeat after 2019-02-14 00:15:34.581271+00:00
[2019-02-14 00:20:35,087] {dag_processing.py:708} INFO - Exiting gracefully upon receiving signal 2
[2019-02-14 00:20:35,093] {dag_processing.py:1222} INFO - Waiting up to 5 seconds for processes to exit...
[2019-02-14 00:20:35,094] {dag_processing.py:708} INFO - Exiting gracefully upon receiving signal 15
[2019-02-14 00:20:35,097] {dag_processing.py:1222} INFO - Waiting up to 5 seconds for processes to exit...
[2019-02-14 00:20:48,182] {dag_processing.py:724} INFO - Processing files using up to 1 processes at a time 
[2019-02-14 00:20:48,182] {dag_processing.py:726} INFO - Process each file at most once every 0 seconds
[2019-02-14 00:20:48,182] {dag_processing.py:728} INFO - Checking for new files in /home/ubuntu/consumer-insights/src/airflow/dags every 300 seconds
[2019-02-14 00:20:48,190] {dag_processing.py:936} INFO - 
================================================================================
DAG File Processing Stats

File Path                                                                                                 PID  Runtime    Last Runtime    Last Run
------------------------------------------------------------------------------------------------------  -----  ---------  --------------  ----------
/home/ubuntu/consumer-insights/src/airflow/dags/my_dag.py
/usr/local/lib/python3.5/dist-packages/airflow/example_dags/example_latest_only.py
/usr/local/lib/python3.5/dist-packages/airflow/example_dags/example_short_circuit_operator.py
/usr/local/lib/python3.5/dist-packages/airflow/example_dags/example_passing_params_via_test_command.py  29855  0.00s
/usr/local/lib/python3.5/dist-packages/airflow/example_dags/example_trigger_target_dag.py
/usr/local/lib/python3.5/dist-packages/airflow/example_dags/example_latest_only_with_trigger.py
/usr/local/lib/python3.5/dist-packages/airflow/example_dags/example_xcom.py
/usr/local/lib/python3.5/dist-packages/airflow/example_dags/example_python_operator.py
/usr/local/lib/python3.5/dist-packages/airflow/example_dags/example_branch_operator.py
/usr/local/lib/python3.5/dist-packages/airflow/example_dags/example_docker_operator.py
/usr/local/lib/python3.5/dist-packages/airflow/example_dags/tutorial.py
/usr/local/lib/python3.5/dist-packages/airflow/example_dags/example_skip_dag.py
/usr/local/lib/python3.5/dist-packages/airflow/example_dags/example_http_operator.py
/usr/local/lib/python3.5/dist-packages/airflow/example_dags/example_subdag_operator.py
/usr/local/lib/python3.5/dist-packages/airflow/example_dags/example_branch_python_dop_operator_3.py
/usr/local/lib/python3.5/dist-packages/airflow/example_dags/example_trigger_controller_dag.py
/usr/local/lib/python3.5/dist-packages/airflow/example_dags/docker_copy_data.py
/usr/local/lib/python3.5/dist-packages/airflow/example_dags/example_bash_operator.py
/usr/local/lib/python3.5/dist-packages/airflow/example_dags/test_utils.py
/usr/local/lib/python3.5/dist-packages/airflow/example_dags/subdags/subdag.py
================================================================================
[2019-02-14 00:21:00,182] {dag_processing.py:1157} INFO - Finding 'running' jobs without a recent heartbeat
[2019-02-14 00:21:00,182] {dag_processing.py:1162} INFO - Failing jobs without heartbeat after 2019-02-14 00:16:00.182711+00:00
[2019-02-14 00:21:10,193] {dag_processing.py:1157} INFO - Finding 'running' jobs without a recent heartbeat
[2019-02-14 00:21:10,193] {dag_processing.py:1162} INFO - Failing jobs without heartbeat after 2019-02-14 00:16:10.193704+00:00
[2019-02-14 00:21:18,208] {dag_processing.py:936} INFO - 
================================================================================
DAG File Processing Stats

File Path                                                                                                 PID  Runtime    Last Runtime    Last Run
------------------------------------------------------------------------------------------------------  -----  ---------  --------------  -------------------
/usr/local/lib/python3.5/dist-packages/airflow/example_dags/example_latest_only.py                      29888  0.00s
/usr/local/lib/python3.5/dist-packages/airflow/example_dags/example_docker_operator.py
/usr/local/lib/python3.5/dist-packages/airflow/example_dags/tutorial.py
/usr/local/lib/python3.5/dist-packages/airflow/example_dags/example_trigger_controller_dag.py
/usr/local/lib/python3.5/dist-packages/airflow/example_dags/docker_copy_data.py
/usr/local/lib/python3.5/dist-packages/airflow/example_dags/example_passing_params_via_test_command.py                    1.99s           2019-02-14T00:20:50
/usr/local/lib/python3.5/dist-packages/airflow/example_dags/example_short_circuit_operator.py                             1.99s           2019-02-14T00:21:02
/usr/local/lib/python3.5/dist-packages/airflow/example_dags/example_python_operator.py                                    1.99s           2019-02-14T00:21:12
/usr/local/lib/python3.5/dist-packages/airflow/example_dags/example_branch_python_dop_operator_3.py                       2.00s           2019-02-14T00:21:14
/usr/local/lib/python3.5/dist-packages/airflow/example_dags/example_skip_dag.py                                           2.00s           2019-02-14T00:20:54
/usr/local/lib/python3.5/dist-packages/airflow/example_dags/example_http_operator.py                                      2.00s           2019-02-14T00:20:58
/usr/local/lib/python3.5/dist-packages/airflow/example_dags/example_subdag_operator.py                                    2.00s           2019-02-14T00:21:06
/home/ubuntu/consumer-insights/src/airflow/dags/my_dag.py                                                                 2.00s           2019-02-14T00:21:10
/usr/local/lib/python3.5/dist-packages/airflow/example_dags/test_utils.py                                                 2.00s           2019-02-14T00:21:18
/usr/local/lib/python3.5/dist-packages/airflow/example_dags/example_latest_only_with_trigger.py                           2.00s           2019-02-14T00:21:08
/usr/local/lib/python3.5/dist-packages/airflow/example_dags/example_trigger_target_dag.py                                 2.00s           2019-02-14T00:21:16
/usr/local/lib/python3.5/dist-packages/airflow/example_dags/example_branch_operator.py                                    2.00s           2019-02-14T00:21:04
/usr/local/lib/python3.5/dist-packages/airflow/example_dags/subdags/subdag.py                                             2.00s           2019-02-14T00:21:00
/usr/local/lib/python3.5/dist-packages/airflow/example_dags/example_bash_operator.py                                      2.00s           2019-02-14T00:20:52
/usr/local/lib/python3.5/dist-packages/airflow/example_dags/example_xcom.py                                               2.00s           2019-02-14T00:20:56
================================================================================
[2019-02-14 00:21:20,204] {dag_processing.py:1157} INFO - Finding 'running' jobs without a recent heartbeat
[2019-02-14 00:21:20,204] {dag_processing.py:1162} INFO - Failing jobs without heartbeat after 2019-02-14 00:16:20.204556+00:00
[2019-02-14 00:21:30,214] {dag_processing.py:1157} INFO - Finding 'running' jobs without a recent heartbeat
[2019-02-14 00:21:30,214] {dag_processing.py:1162} INFO - Failing jobs without heartbeat after 2019-02-14 00:16:30.214726+00:00
[2019-02-14 00:21:40,225] {dag_processing.py:1157} INFO - Finding 'running' jobs without a recent heartbeat
[2019-02-14 00:21:40,225] {dag_processing.py:1162} INFO - Failing jobs without heartbeat after 2019-02-14 00:16:40.225691+00:00
[2019-02-14 00:21:48,240] {dag_processing.py:936} INFO - 
================================================================================
DAG File Processing Stats

File Path                                                                                                 PID  Runtime    Last Runtime    Last Run
------------------------------------------------------------------------------------------------------  -----  ---------  --------------  -------------------
/usr/local/lib/python3.5/dist-packages/airflow/example_dags/example_python_operator.py                                    1.99s           2019-02-14T00:21:12
/usr/local/lib/python3.5/dist-packages/airflow/example_dags/example_short_circuit_operator.py                             1.99s           2019-02-14T00:21:42
/usr/local/lib/python3.5/dist-packages/airflow/example_dags/example_bash_operator.py                                      1.99s           2019-02-14T00:21:32
/usr/local/lib/python3.5/dist-packages/airflow/example_dags/example_trigger_controller_dag.py                             1.99s           2019-02-14T00:21:22
/usr/local/lib/python3.5/dist-packages/airflow/example_dags/example_passing_params_via_test_command.py                    2.00s           2019-02-14T00:21:30
/usr/local/lib/python3.5/dist-packages/airflow/example_dags/example_branch_python_dop_operator_3.py                       2.00s           2019-02-14T00:21:14
/usr/local/lib/python3.5/dist-packages/airflow/example_dags/docker_copy_data.py                                           2.00s           2019-02-14T00:21:28
/usr/local/lib/python3.5/dist-packages/airflow/example_dags/example_subdag_operator.py                                    2.00s           2019-02-14T00:21:46
/usr/local/lib/python3.5/dist-packages/airflow/example_dags/subdags/subdag.py                                             2.00s           2019-02-14T00:21:40
/usr/local/lib/python3.5/dist-packages/airflow/example_dags/example_docker_operator.py                                    2.00s           2019-02-14T00:21:24
/usr/local/lib/python3.5/dist-packages/airflow/example_dags/example_latest_only.py                                        2.00s           2019-02-14T00:21:20
/home/ubuntu/consumer-insights/src/airflow/dags/my_dag.py                                               29922  0.00s      2.00s           2019-02-14T00:21:10
/usr/local/lib/python3.5/dist-packages/airflow/example_dags/example_skip_dag.py                                           2.00s           2019-02-14T00:21:34
/usr/local/lib/python3.5/dist-packages/airflow/example_dags/example_xcom.py                                               2.00s           2019-02-14T00:21:36
/usr/local/lib/python3.5/dist-packages/airflow/example_dags/example_branch_operator.py                                    2.00s           2019-02-14T00:21:44
/usr/local/lib/python3.5/dist-packages/airflow/example_dags/tutorial.py                                                   2.00s           2019-02-14T00:21:26
/usr/local/lib/python3.5/dist-packages/airflow/example_dags/test_utils.py                                                 2.00s           2019-02-14T00:21:18
/usr/local/lib/python3.5/dist-packages/airflow/example_dags/example_latest_only_with_trigger.py                           2.00s           2019-02-14T00:21:48
/usr/local/lib/python3.5/dist-packages/airflow/example_dags/example_trigger_target_dag.py                                 2.00s           2019-02-14T00:21:16
/usr/local/lib/python3.5/dist-packages/airflow/example_dags/example_http_operator.py                                      2.00s           2019-02-14T00:21:38
================================================================================
[2019-02-14 00:21:50,236] {dag_processing.py:1157} INFO - Finding 'running' jobs without a recent heartbeat
[2019-02-14 00:21:50,236] {dag_processing.py:1162} INFO - Failing jobs without heartbeat after 2019-02-14 00:16:50.236434+00:00
[2019-02-14 00:21:51,248] {dag_processing.py:708} INFO - Exiting gracefully upon receiving signal 2
[2019-02-14 00:21:51,254] {dag_processing.py:1222} INFO - Waiting up to 5 seconds for processes to exit...
[2019-02-14 00:21:51,254] {dag_processing.py:708} INFO - Exiting gracefully upon receiving signal 15
[2019-02-14 00:21:51,258] {dag_processing.py:1222} INFO - Waiting up to 5 seconds for processes to exit...
[2019-02-14 00:22:33,397] {dag_processing.py:724} INFO - Processing files using up to 1 processes at a time 
[2019-02-14 00:22:33,397] {dag_processing.py:726} INFO - Process each file at most once every 0 seconds
[2019-02-14 00:22:33,397] {dag_processing.py:728} INFO - Checking for new files in /home/ubuntu/consumer-insights/src/airflow/dags every 300 seconds
[2019-02-14 00:22:33,407] {dag_processing.py:936} INFO - 
================================================================================
DAG File Processing Stats

File Path                                                                                                 PID  Runtime    Last Runtime    Last Run
------------------------------------------------------------------------------------------------------  -----  ---------  --------------  ----------
/home/ubuntu/consumer-insights/src/airflow/dags/my_dag.py
/usr/local/lib/python3.5/dist-packages/airflow/example_dags/example_latest_only.py                      29938  0.00s
/usr/local/lib/python3.5/dist-packages/airflow/example_dags/example_short_circuit_operator.py
/usr/local/lib/python3.5/dist-packages/airflow/example_dags/example_passing_params_via_test_command.py
/usr/local/lib/python3.5/dist-packages/airflow/example_dags/example_trigger_target_dag.py
/usr/local/lib/python3.5/dist-packages/airflow/example_dags/example_latest_only_with_trigger.py
/usr/local/lib/python3.5/dist-packages/airflow/example_dags/example_xcom.py
/usr/local/lib/python3.5/dist-packages/airflow/example_dags/example_python_operator.py
/usr/local/lib/python3.5/dist-packages/airflow/example_dags/example_branch_operator.py
/usr/local/lib/python3.5/dist-packages/airflow/example_dags/example_docker_operator.py
/usr/local/lib/python3.5/dist-packages/airflow/example_dags/tutorial.py
/usr/local/lib/python3.5/dist-packages/airflow/example_dags/example_skip_dag.py
/usr/local/lib/python3.5/dist-packages/airflow/example_dags/example_http_operator.py
/usr/local/lib/python3.5/dist-packages/airflow/example_dags/example_subdag_operator.py
/usr/local/lib/python3.5/dist-packages/airflow/example_dags/example_branch_python_dop_operator_3.py
/usr/local/lib/python3.5/dist-packages/airflow/example_dags/example_trigger_controller_dag.py
/usr/local/lib/python3.5/dist-packages/airflow/example_dags/docker_copy_data.py
/usr/local/lib/python3.5/dist-packages/airflow/example_dags/example_bash_operator.py
/usr/local/lib/python3.5/dist-packages/airflow/example_dags/test_utils.py
/usr/local/lib/python3.5/dist-packages/airflow/example_dags/subdags/subdag.py
================================================================================
[2019-02-14 00:22:45,399] {dag_processing.py:1157} INFO - Finding 'running' jobs without a recent heartbeat
[2019-02-14 00:22:45,399] {dag_processing.py:1162} INFO - Failing jobs without heartbeat after 2019-02-14 00:17:45.399622+00:00
[2019-02-14 00:22:55,410] {dag_processing.py:1157} INFO - Finding 'running' jobs without a recent heartbeat
[2019-02-14 00:22:55,410] {dag_processing.py:1162} INFO - Failing jobs without heartbeat after 2019-02-14 00:17:55.410476+00:00
[2019-02-14 00:23:03,425] {dag_processing.py:936} INFO - 
================================================================================
DAG File Processing Stats

File Path                                                                                                 PID  Runtime    Last Runtime    Last Run
------------------------------------------------------------------------------------------------------  -----  ---------  --------------  -------------------
/usr/local/lib/python3.5/dist-packages/airflow/example_dags/example_passing_params_via_test_command.py
/usr/local/lib/python3.5/dist-packages/airflow/example_dags/example_latest_only_with_trigger.py         29972  0.00s
/usr/local/lib/python3.5/dist-packages/airflow/example_dags/example_xcom.py
/usr/local/lib/python3.5/dist-packages/airflow/example_dags/example_subdag_operator.py
/usr/local/lib/python3.5/dist-packages/airflow/example_dags/subdags/subdag.py
/usr/local/lib/python3.5/dist-packages/airflow/example_dags/example_latest_only.py                                        1.99s           2019-02-14T00:22:35
/usr/local/lib/python3.5/dist-packages/airflow/example_dags/example_skip_dag.py                                           1.99s           2019-02-14T00:22:47
/home/ubuntu/consumer-insights/src/airflow/dags/my_dag.py                                                                 1.99s           2019-02-14T00:22:57
/usr/local/lib/python3.5/dist-packages/airflow/example_dags/example_docker_operator.py                                    2.00s           2019-02-14T00:22:51
/usr/local/lib/python3.5/dist-packages/airflow/example_dags/example_branch_operator.py                                    2.00s           2019-02-14T00:23:01
/usr/local/lib/python3.5/dist-packages/airflow/example_dags/example_trigger_controller_dag.py                             2.00s           2019-02-14T00:22:49
/usr/local/lib/python3.5/dist-packages/airflow/example_dags/example_python_operator.py                                    2.00s           2019-02-14T00:22:53
/usr/local/lib/python3.5/dist-packages/airflow/example_dags/test_utils.py                                                 2.00s           2019-02-14T00:23:03
/usr/local/lib/python3.5/dist-packages/airflow/example_dags/example_bash_operator.py                                      2.00s           2019-02-14T00:22:55
/usr/local/lib/python3.5/dist-packages/airflow/example_dags/tutorial.py                                                   2.00s           2019-02-14T00:22:43
/usr/local/lib/python3.5/dist-packages/airflow/example_dags/example_http_operator.py                                      2.00s           2019-02-14T00:22:37
/usr/local/lib/python3.5/dist-packages/airflow/example_dags/docker_copy_data.py                                           2.00s           2019-02-14T00:22:39
/usr/local/lib/python3.5/dist-packages/airflow/example_dags/example_short_circuit_operator.py                             2.00s           2019-02-14T00:22:45
/usr/local/lib/python3.5/dist-packages/airflow/example_dags/example_branch_python_dop_operator_3.py                       2.00s           2019-02-14T00:22:41
/usr/local/lib/python3.5/dist-packages/airflow/example_dags/example_trigger_target_dag.py                                 2.00s           2019-02-14T00:22:59
================================================================================
[2019-02-14 00:23:05,421] {dag_processing.py:1157} INFO - Finding 'running' jobs without a recent heartbeat
[2019-02-14 00:23:05,421] {dag_processing.py:1162} INFO - Failing jobs without heartbeat after 2019-02-14 00:18:05.421301+00:00
[2019-02-14 00:23:15,431] {dag_processing.py:1157} INFO - Finding 'running' jobs without a recent heartbeat
[2019-02-14 00:23:15,431] {dag_processing.py:1162} INFO - Failing jobs without heartbeat after 2019-02-14 00:18:15.431927+00:00
[2019-02-14 00:23:25,442] {dag_processing.py:1157} INFO - Finding 'running' jobs without a recent heartbeat
[2019-02-14 00:23:25,442] {dag_processing.py:1162} INFO - Failing jobs without heartbeat after 2019-02-14 00:18:25.442853+00:00
[2019-02-14 00:23:33,457] {dag_processing.py:936} INFO - 
================================================================================
DAG File Processing Stats

File Path                                                                                                 PID  Runtime    Last Runtime    Last Run
------------------------------------------------------------------------------------------------------  -----  ---------  --------------  -------------------
/usr/local/lib/python3.5/dist-packages/airflow/example_dags/example_passing_params_via_test_command.py                    1.99s           2019-02-14T00:23:07
/home/ubuntu/consumer-insights/src/airflow/dags/my_dag.py                                                                 1.99s           2019-02-14T00:22:57
/usr/local/lib/python3.5/dist-packages/airflow/example_dags/example_skip_dag.py                                           1.99s           2019-02-14T00:23:27
/usr/local/lib/python3.5/dist-packages/airflow/example_dags/example_http_operator.py                                      1.99s           2019-02-14T00:23:17
/usr/local/lib/python3.5/dist-packages/airflow/example_dags/example_docker_operator.py                                    2.00s           2019-02-14T00:23:31
/usr/local/lib/python3.5/dist-packages/airflow/example_dags/example_branch_python_dop_operator_3.py                       2.00s           2019-02-14T00:23:21
/usr/local/lib/python3.5/dist-packages/airflow/example_dags/docker_copy_data.py                                           2.00s           2019-02-14T00:23:19
/usr/local/lib/python3.5/dist-packages/airflow/example_dags/example_latest_only.py                                        2.00s           2019-02-14T00:23:15
/usr/local/lib/python3.5/dist-packages/airflow/example_dags/subdags/subdag.py                                             2.00s           2019-02-14T00:23:13
/usr/local/lib/python3.5/dist-packages/airflow/example_dags/example_branch_operator.py                                    2.00s           2019-02-14T00:23:01
/usr/local/lib/python3.5/dist-packages/airflow/example_dags/example_xcom.py                                               2.00s           2019-02-14T00:23:09
/usr/local/lib/python3.5/dist-packages/airflow/example_dags/example_subdag_operator.py                                    2.00s           2019-02-14T00:23:11
/usr/local/lib/python3.5/dist-packages/airflow/example_dags/example_short_circuit_operator.py                             2.00s           2019-02-14T00:23:25
/usr/local/lib/python3.5/dist-packages/airflow/example_dags/test_utils.py                                                 2.00s           2019-02-14T00:23:03
/usr/local/lib/python3.5/dist-packages/airflow/example_dags/example_bash_operator.py                    30008  0.00s      2.00s           2019-02-14T00:22:55
/usr/local/lib/python3.5/dist-packages/airflow/example_dags/tutorial.py                                                   2.00s           2019-02-14T00:23:23
/usr/local/lib/python3.5/dist-packages/airflow/example_dags/example_latest_only_with_trigger.py                           2.00s           2019-02-14T00:23:05
/usr/local/lib/python3.5/dist-packages/airflow/example_dags/example_python_operator.py                                    2.00s           2019-02-14T00:23:33
/usr/local/lib/python3.5/dist-packages/airflow/example_dags/example_trigger_controller_dag.py                             2.00s           2019-02-14T00:23:29
/usr/local/lib/python3.5/dist-packages/airflow/example_dags/example_trigger_target_dag.py                                 2.00s           2019-02-14T00:22:59
================================================================================
[2019-02-14 00:23:35,453] {dag_processing.py:1157} INFO - Finding 'running' jobs without a recent heartbeat
[2019-02-14 00:23:35,453] {dag_processing.py:1162} INFO - Failing jobs without heartbeat after 2019-02-14 00:18:35.453684+00:00
[2019-02-14 00:23:45,464] {dag_processing.py:1157} INFO - Finding 'running' jobs without a recent heartbeat
[2019-02-14 00:23:45,464] {dag_processing.py:1162} INFO - Failing jobs without heartbeat after 2019-02-14 00:18:45.464670+00:00
[2019-02-14 00:23:55,473] {dag_processing.py:1157} INFO - Finding 'running' jobs without a recent heartbeat
[2019-02-14 00:23:55,474] {dag_processing.py:1162} INFO - Failing jobs without heartbeat after 2019-02-14 00:18:55.474295+00:00
[2019-02-14 00:24:03,489] {dag_processing.py:936} INFO - 
================================================================================
DAG File Processing Stats

File Path                                                                                                 PID  Runtime    Last Runtime    Last Run
------------------------------------------------------------------------------------------------------  -----  ---------  --------------  -------------------
/usr/local/lib/python3.5/dist-packages/airflow/example_dags/example_passing_params_via_test_command.py                    1.99s           2019-02-14T00:23:47
/usr/local/lib/python3.5/dist-packages/airflow/example_dags/example_http_operator.py                                      1.99s           2019-02-14T00:23:57
/usr/local/lib/python3.5/dist-packages/airflow/example_dags/example_skip_dag.py                                           1.99s           2019-02-14T00:23:27
/home/ubuntu/consumer-insights/src/airflow/dags/my_dag.py                                                                 1.99s           2019-02-14T00:23:37
/usr/local/lib/python3.5/dist-packages/airflow/example_dags/example_docker_operator.py                                    2.00s           2019-02-14T00:23:31
/usr/local/lib/python3.5/dist-packages/airflow/example_dags/example_subdag_operator.py                                    2.00s           2019-02-14T00:23:51
/usr/local/lib/python3.5/dist-packages/airflow/example_dags/example_xcom.py                                               2.00s           2019-02-14T00:23:49
/usr/local/lib/python3.5/dist-packages/airflow/example_dags/example_latest_only.py                                        2.00s           2019-02-14T00:23:55
/usr/local/lib/python3.5/dist-packages/airflow/example_dags/example_branch_python_dop_operator_3.py                       2.00s           2019-02-14T00:24:01
/usr/local/lib/python3.5/dist-packages/airflow/example_dags/subdags/subdag.py                                             2.00s           2019-02-14T00:23:53
/usr/local/lib/python3.5/dist-packages/airflow/example_dags/example_latest_only_with_trigger.py                           2.00s           2019-02-14T00:23:45
/usr/local/lib/python3.5/dist-packages/airflow/example_dags/tutorial.py                                                   2.00s           2019-02-14T00:24:03
/usr/local/lib/python3.5/dist-packages/airflow/example_dags/test_utils.py                                                 2.00s           2019-02-14T00:23:43
/usr/local/lib/python3.5/dist-packages/airflow/example_dags/example_short_circuit_operator.py           30040  0.00s      2.00s           2019-02-14T00:23:25
/usr/local/lib/python3.5/dist-packages/airflow/example_dags/example_bash_operator.py                                      2.00s           2019-02-14T00:23:35
/usr/local/lib/python3.5/dist-packages/airflow/example_dags/example_trigger_target_dag.py                                 2.00s           2019-02-14T00:23:39
/usr/local/lib/python3.5/dist-packages/airflow/example_dags/example_branch_operator.py                                    2.00s           2019-02-14T00:23:41
/usr/local/lib/python3.5/dist-packages/airflow/example_dags/example_python_operator.py                                    2.00s           2019-02-14T00:23:33
/usr/local/lib/python3.5/dist-packages/airflow/example_dags/docker_copy_data.py                                           2.00s           2019-02-14T00:23:59
/usr/local/lib/python3.5/dist-packages/airflow/example_dags/example_trigger_controller_dag.py                             2.00s           2019-02-14T00:23:29
================================================================================
[2019-02-14 00:24:05,484] {dag_processing.py:1157} INFO - Finding 'running' jobs without a recent heartbeat
[2019-02-14 00:24:05,485] {dag_processing.py:1162} INFO - Failing jobs without heartbeat after 2019-02-14 00:19:05.485060+00:00
[2019-02-14 00:24:15,494] {dag_processing.py:1157} INFO - Finding 'running' jobs without a recent heartbeat
[2019-02-14 00:24:15,494] {dag_processing.py:1162} INFO - Failing jobs without heartbeat after 2019-02-14 00:19:15.494696+00:00
[2019-02-14 00:24:25,503] {dag_processing.py:1157} INFO - Finding 'running' jobs without a recent heartbeat
[2019-02-14 00:24:25,504] {dag_processing.py:1162} INFO - Failing jobs without heartbeat after 2019-02-14 00:19:25.503968+00:00
[2019-02-14 00:24:33,519] {dag_processing.py:936} INFO - 
================================================================================
DAG File Processing Stats

File Path                                                                                                 PID  Runtime    Last Runtime    Last Run
------------------------------------------------------------------------------------------------------  -----  ---------  --------------  -------------------
/usr/local/lib/python3.5/dist-packages/airflow/example_dags/example_passing_params_via_test_command.py                    1.99s           2019-02-14T00:24:27
/usr/local/lib/python3.5/dist-packages/airflow/example_dags/example_skip_dag.py                                           1.99s           2019-02-14T00:24:07
/usr/local/lib/python3.5/dist-packages/airflow/example_dags/example_http_operator.py                                      1.99s           2019-02-14T00:23:57
/home/ubuntu/consumer-insights/src/airflow/dags/my_dag.py                                                                 1.99s           2019-02-14T00:24:17
/usr/local/lib/python3.5/dist-packages/airflow/example_dags/example_trigger_target_dag.py                                 2.00s           2019-02-14T00:24:19
/usr/local/lib/python3.5/dist-packages/airflow/example_dags/example_latest_only_with_trigger.py                           2.00s           2019-02-14T00:24:25
/usr/local/lib/python3.5/dist-packages/airflow/example_dags/example_bash_operator.py                                      2.00s           2019-02-14T00:24:15
/usr/local/lib/python3.5/dist-packages/airflow/example_dags/example_branch_operator.py                                    2.00s           2019-02-14T00:24:21
/usr/local/lib/python3.5/dist-packages/airflow/example_dags/example_subdag_operator.py                                    2.00s           2019-02-14T00:24:31
/usr/local/lib/python3.5/dist-packages/airflow/example_dags/example_latest_only.py                      30074  0.00s      2.00s           2019-02-14T00:23:55
/usr/local/lib/python3.5/dist-packages/airflow/example_dags/test_utils.py                                                 2.00s           2019-02-14T00:24:23
/usr/local/lib/python3.5/dist-packages/airflow/example_dags/example_python_operator.py                                    2.00s           2019-02-14T00:24:13
/usr/local/lib/python3.5/dist-packages/airflow/example_dags/example_branch_python_dop_operator_3.py                       2.00s           2019-02-14T00:24:01
/usr/local/lib/python3.5/dist-packages/airflow/example_dags/example_short_circuit_operator.py                             2.00s           2019-02-14T00:24:05
/usr/local/lib/python3.5/dist-packages/airflow/example_dags/tutorial.py                                                   2.00s           2019-02-14T00:24:03
/usr/local/lib/python3.5/dist-packages/airflow/example_dags/subdags/subdag.py                                             2.00s           2019-02-14T00:24:33
/usr/local/lib/python3.5/dist-packages/airflow/example_dags/example_trigger_controller_dag.py                             2.00s           2019-02-14T00:24:09
/usr/local/lib/python3.5/dist-packages/airflow/example_dags/example_docker_operator.py                                    2.00s           2019-02-14T00:24:11
/usr/local/lib/python3.5/dist-packages/airflow/example_dags/example_xcom.py                                               2.00s           2019-02-14T00:24:29
/usr/local/lib/python3.5/dist-packages/airflow/example_dags/docker_copy_data.py                                           2.00s           2019-02-14T00:23:59
================================================================================
[2019-02-14 00:24:35,514] {dag_processing.py:1157} INFO - Finding 'running' jobs without a recent heartbeat
[2019-02-14 00:24:35,514] {dag_processing.py:1162} INFO - Failing jobs without heartbeat after 2019-02-14 00:19:35.514661+00:00
[2019-02-14 00:24:45,524] {dag_processing.py:1157} INFO - Finding 'running' jobs without a recent heartbeat
[2019-02-14 00:24:45,525] {dag_processing.py:1162} INFO - Failing jobs without heartbeat after 2019-02-14 00:19:45.525164+00:00
[2019-02-14 00:24:55,534] {dag_processing.py:1157} INFO - Finding 'running' jobs without a recent heartbeat
[2019-02-14 00:24:55,535] {dag_processing.py:1162} INFO - Failing jobs without heartbeat after 2019-02-14 00:19:55.534944+00:00
[2019-02-14 00:25:03,551] {dag_processing.py:936} INFO - 
================================================================================
DAG File Processing Stats

File Path                                                                                                 PID  Runtime    Last Runtime    Last Run
------------------------------------------------------------------------------------------------------  -----  ---------  --------------  -------------------
/home/ubuntu/consumer-insights/src/airflow/dags/my_dag.py                                                                 1.99s           2019-02-14T00:24:57
/usr/local/lib/python3.5/dist-packages/airflow/example_dags/example_passing_params_via_test_command.py                    1.99s           2019-02-14T00:24:27
/usr/local/lib/python3.5/dist-packages/airflow/example_dags/example_skip_dag.py                                           1.99s           2019-02-14T00:24:47
/usr/local/lib/python3.5/dist-packages/airflow/example_dags/example_http_operator.py                                      1.99s           2019-02-14T00:24:37
/usr/local/lib/python3.5/dist-packages/airflow/example_dags/example_python_operator.py                                    2.00s           2019-02-14T00:24:53
/usr/local/lib/python3.5/dist-packages/airflow/example_dags/example_short_circuit_operator.py                             2.00s           2019-02-14T00:24:45
/usr/local/lib/python3.5/dist-packages/airflow/example_dags/example_latest_only_with_trigger.py         30106  0.00s      2.00s           2019-02-14T00:24:25
/usr/local/lib/python3.5/dist-packages/airflow/example_dags/example_subdag_operator.py                                    2.00s           2019-02-14T00:24:31
/usr/local/lib/python3.5/dist-packages/airflow/example_dags/tutorial.py                                                   2.00s           2019-02-14T00:24:43
/usr/local/lib/python3.5/dist-packages/airflow/example_dags/example_bash_operator.py                                      2.00s           2019-02-14T00:24:55
/usr/local/lib/python3.5/dist-packages/airflow/example_dags/example_branch_operator.py                                    2.00s           2019-02-14T00:25:01
/usr/local/lib/python3.5/dist-packages/airflow/example_dags/example_docker_operator.py                                    2.00s           2019-02-14T00:24:51
/usr/local/lib/python3.5/dist-packages/airflow/example_dags/example_trigger_controller_dag.py                             2.00s           2019-02-14T00:24:49
/usr/local/lib/python3.5/dist-packages/airflow/example_dags/test_utils.py                                                 2.00s           2019-02-14T00:25:03
/usr/local/lib/python3.5/dist-packages/airflow/example_dags/example_trigger_target_dag.py                                 2.00s           2019-02-14T00:24:59
/usr/local/lib/python3.5/dist-packages/airflow/example_dags/subdags/subdag.py                                             2.00s           2019-02-14T00:24:33
/usr/local/lib/python3.5/dist-packages/airflow/example_dags/example_branch_python_dop_operator_3.py                       2.00s           2019-02-14T00:24:41
/usr/local/lib/python3.5/dist-packages/airflow/example_dags/example_latest_only.py                                        2.00s           2019-02-14T00:24:35
/usr/local/lib/python3.5/dist-packages/airflow/example_dags/docker_copy_data.py                                           2.00s           2019-02-14T00:24:39
/usr/local/lib/python3.5/dist-packages/airflow/example_dags/example_xcom.py                                               2.00s           2019-02-14T00:24:29
================================================================================
[2019-02-14 00:25:05,545] {dag_processing.py:1157} INFO - Finding 'running' jobs without a recent heartbeat
[2019-02-14 00:25:05,545] {dag_processing.py:1162} INFO - Failing jobs without heartbeat after 2019-02-14 00:20:05.545751+00:00
[2019-02-14 00:25:15,556] {dag_processing.py:1157} INFO - Finding 'running' jobs without a recent heartbeat
[2019-02-14 00:25:15,556] {dag_processing.py:1162} INFO - Failing jobs without heartbeat after 2019-02-14 00:20:15.556692+00:00
[2019-02-14 00:25:25,566] {dag_processing.py:1157} INFO - Finding 'running' jobs without a recent heartbeat
[2019-02-14 00:25:25,567] {dag_processing.py:1162} INFO - Failing jobs without heartbeat after 2019-02-14 00:20:25.567223+00:00
[2019-02-14 00:25:33,083] {dag_processing.py:708} INFO - Exiting gracefully upon receiving signal 2
[2019-02-14 00:25:33,088] {dag_processing.py:1222} INFO - Waiting up to 5 seconds for processes to exit...
[2019-02-14 00:25:33,089] {dag_processing.py:708} INFO - Exiting gracefully upon receiving signal 15
[2019-02-14 00:25:33,092] {dag_processing.py:1222} INFO - Waiting up to 5 seconds for processes to exit...
[2019-02-14 00:26:03,371] {dag_processing.py:724} INFO - Processing files using up to 1 processes at a time 
[2019-02-14 00:26:03,371] {dag_processing.py:726} INFO - Process each file at most once every 0 seconds
[2019-02-14 00:26:03,372] {dag_processing.py:728} INFO - Checking for new files in /home/ubuntu/consumer-insights/src/airflow/dags every 300 seconds
[2019-02-14 00:26:03,381] {dag_processing.py:936} INFO - 
================================================================================
DAG File Processing Stats

File Path                                                                                                 PID  Runtime    Last Runtime    Last Run
------------------------------------------------------------------------------------------------------  -----  ---------  --------------  ----------
/home/ubuntu/consumer-insights/src/airflow/dags/my_dag.py
/usr/local/lib/python3.5/dist-packages/airflow/example_dags/example_latest_only.py
/usr/local/lib/python3.5/dist-packages/airflow/example_dags/example_short_circuit_operator.py
/usr/local/lib/python3.5/dist-packages/airflow/example_dags/example_passing_params_via_test_command.py
/usr/local/lib/python3.5/dist-packages/airflow/example_dags/example_trigger_target_dag.py
/usr/local/lib/python3.5/dist-packages/airflow/example_dags/example_latest_only_with_trigger.py
/usr/local/lib/python3.5/dist-packages/airflow/example_dags/example_xcom.py
/usr/local/lib/python3.5/dist-packages/airflow/example_dags/example_python_operator.py
/usr/local/lib/python3.5/dist-packages/airflow/example_dags/example_branch_operator.py
/usr/local/lib/python3.5/dist-packages/airflow/example_dags/example_docker_operator.py
/usr/local/lib/python3.5/dist-packages/airflow/example_dags/tutorial.py
/usr/local/lib/python3.5/dist-packages/airflow/example_dags/example_skip_dag.py
/usr/local/lib/python3.5/dist-packages/airflow/example_dags/example_http_operator.py
/usr/local/lib/python3.5/dist-packages/airflow/example_dags/example_subdag_operator.py
/usr/local/lib/python3.5/dist-packages/airflow/example_dags/example_branch_python_dop_operator_3.py
/usr/local/lib/python3.5/dist-packages/airflow/example_dags/example_trigger_controller_dag.py
/usr/local/lib/python3.5/dist-packages/airflow/example_dags/docker_copy_data.py
/usr/local/lib/python3.5/dist-packages/airflow/example_dags/example_bash_operator.py
/usr/local/lib/python3.5/dist-packages/airflow/example_dags/test_utils.py                               30145  0.00s
/usr/local/lib/python3.5/dist-packages/airflow/example_dags/subdags/subdag.py
================================================================================
[2019-02-14 00:26:15,372] {dag_processing.py:1157} INFO - Finding 'running' jobs without a recent heartbeat
[2019-02-14 00:26:15,372] {dag_processing.py:1162} INFO - Failing jobs without heartbeat after 2019-02-14 00:21:15.372668+00:00
[2019-02-14 00:26:25,382] {dag_processing.py:1157} INFO - Finding 'running' jobs without a recent heartbeat
[2019-02-14 00:26:25,382] {dag_processing.py:1162} INFO - Failing jobs without heartbeat after 2019-02-14 00:21:25.382795+00:00
[2019-02-14 00:26:33,397] {dag_processing.py:936} INFO - 
================================================================================
DAG File Processing Stats

File Path                                                                                                 PID  Runtime    Last Runtime    Last Run
------------------------------------------------------------------------------------------------------  -----  ---------  --------------  -------------------
/usr/local/lib/python3.5/dist-packages/airflow/example_dags/example_short_circuit_operator.py
/usr/local/lib/python3.5/dist-packages/airflow/example_dags/example_passing_params_via_test_command.py  30182  0.00s
/usr/local/lib/python3.5/dist-packages/airflow/example_dags/example_latest_only_with_trigger.py
/usr/local/lib/python3.5/dist-packages/airflow/example_dags/example_docker_operator.py
/usr/local/lib/python3.5/dist-packages/airflow/example_dags/example_http_operator.py
/usr/local/lib/python3.5/dist-packages/airflow/example_dags/test_utils.py                                                 1.99s           2019-02-14T00:26:05
/usr/local/lib/python3.5/dist-packages/airflow/example_dags/subdags/subdag.py                                             1.99s           2019-02-14T00:26:17
/usr/local/lib/python3.5/dist-packages/airflow/example_dags/example_bash_operator.py                                      1.99s           2019-02-14T00:26:27
/usr/local/lib/python3.5/dist-packages/airflow/example_dags/example_branch_operator.py                                    2.00s           2019-02-14T00:26:07
/usr/local/lib/python3.5/dist-packages/airflow/example_dags/example_trigger_controller_dag.py                             2.00s           2019-02-14T00:26:19
/usr/local/lib/python3.5/dist-packages/airflow/example_dags/example_branch_python_dop_operator_3.py                       2.00s           2019-02-14T00:26:11
/usr/local/lib/python3.5/dist-packages/airflow/example_dags/example_xcom.py                                               2.00s           2019-02-14T00:26:29
/usr/local/lib/python3.5/dist-packages/airflow/example_dags/example_latest_only.py                                        2.00s           2019-02-14T00:26:23
/usr/local/lib/python3.5/dist-packages/airflow/example_dags/example_skip_dag.py                                           2.00s           2019-02-14T00:26:13
/usr/local/lib/python3.5/dist-packages/airflow/example_dags/example_trigger_target_dag.py                                 2.00s           2019-02-14T00:26:21
/usr/local/lib/python3.5/dist-packages/airflow/example_dags/docker_copy_data.py                                           2.00s           2019-02-14T00:26:33
/home/ubuntu/consumer-insights/src/airflow/dags/my_dag.py                                                                 2.00s           2019-02-14T00:26:25
/usr/local/lib/python3.5/dist-packages/airflow/example_dags/example_python_operator.py                                    2.00s           2019-02-14T00:26:15
/usr/local/lib/python3.5/dist-packages/airflow/example_dags/tutorial.py                                                   2.00s           2019-02-14T00:26:31
/usr/local/lib/python3.5/dist-packages/airflow/example_dags/example_subdag_operator.py                                    2.00s           2019-02-14T00:26:09
================================================================================
[2019-02-14 00:26:35,392] {dag_processing.py:1157} INFO - Finding 'running' jobs without a recent heartbeat
[2019-02-14 00:26:35,393] {dag_processing.py:1162} INFO - Failing jobs without heartbeat after 2019-02-14 00:21:35.392979+00:00
[2019-02-14 00:26:45,403] {dag_processing.py:1157} INFO - Finding 'running' jobs without a recent heartbeat
[2019-02-14 00:26:45,404] {dag_processing.py:1162} INFO - Failing jobs without heartbeat after 2019-02-14 00:21:45.403953+00:00
[2019-02-14 00:26:55,414] {dag_processing.py:1157} INFO - Finding 'running' jobs without a recent heartbeat
[2019-02-14 00:26:55,414] {dag_processing.py:1162} INFO - Failing jobs without heartbeat after 2019-02-14 00:21:55.414632+00:00
[2019-02-14 00:27:03,429] {dag_processing.py:936} INFO - 
================================================================================
DAG File Processing Stats

File Path                                                                                                 PID  Runtime    Last Runtime    Last Run
------------------------------------------------------------------------------------------------------  -----  ---------  --------------  -------------------
/usr/local/lib/python3.5/dist-packages/airflow/example_dags/example_bash_operator.py                                      1.99s           2019-02-14T00:26:27
/usr/local/lib/python3.5/dist-packages/airflow/example_dags/subdags/subdag.py                                             1.99s           2019-02-14T00:26:57
/usr/local/lib/python3.5/dist-packages/airflow/example_dags/example_branch_operator.py                                    1.99s           2019-02-14T00:26:47
/usr/local/lib/python3.5/dist-packages/airflow/example_dags/example_http_operator.py                                      1.99s           2019-02-14T00:26:37
/usr/local/lib/python3.5/dist-packages/airflow/example_dags/example_latest_only.py                                        2.00s           2019-02-14T00:27:03
/usr/local/lib/python3.5/dist-packages/airflow/example_dags/example_branch_python_dop_operator_3.py                       2.00s           2019-02-14T00:26:51
/usr/local/lib/python3.5/dist-packages/airflow/example_dags/example_subdag_operator.py                                    2.00s           2019-02-14T00:26:49
/usr/local/lib/python3.5/dist-packages/airflow/example_dags/example_xcom.py                                               2.00s           2019-02-14T00:26:29
/usr/local/lib/python3.5/dist-packages/airflow/example_dags/example_passing_params_via_test_command.py                    2.00s           2019-02-14T00:26:35
/usr/local/lib/python3.5/dist-packages/airflow/example_dags/docker_copy_data.py                                           2.00s           2019-02-14T00:26:33
/usr/local/lib/python3.5/dist-packages/airflow/example_dags/example_short_circuit_operator.py                             2.00s           2019-02-14T00:26:43
/home/ubuntu/consumer-insights/src/airflow/dags/my_dag.py                                               30214  0.00s      2.00s           2019-02-14T00:26:25
/usr/local/lib/python3.5/dist-packages/airflow/example_dags/test_utils.py                                                 2.00s           2019-02-14T00:26:45
/usr/local/lib/python3.5/dist-packages/airflow/example_dags/example_trigger_target_dag.py                                 2.00s           2019-02-14T00:27:01
/usr/local/lib/python3.5/dist-packages/airflow/example_dags/example_python_operator.py                                    2.00s           2019-02-14T00:26:55
/usr/local/lib/python3.5/dist-packages/airflow/example_dags/example_latest_only_with_trigger.py                           2.00s           2019-02-14T00:26:41
/usr/local/lib/python3.5/dist-packages/airflow/example_dags/tutorial.py                                                   2.00s           2019-02-14T00:26:31
/usr/local/lib/python3.5/dist-packages/airflow/example_dags/example_trigger_controller_dag.py                             2.00s           2019-02-14T00:26:59
/usr/local/lib/python3.5/dist-packages/airflow/example_dags/example_skip_dag.py                                           2.00s           2019-02-14T00:26:53
/usr/local/lib/python3.5/dist-packages/airflow/example_dags/example_docker_operator.py                                    2.00s           2019-02-14T00:26:39
================================================================================
[2019-02-14 00:27:05,424] {dag_processing.py:1157} INFO - Finding 'running' jobs without a recent heartbeat
[2019-02-14 00:27:05,425] {dag_processing.py:1162} INFO - Failing jobs without heartbeat after 2019-02-14 00:22:05.425143+00:00
[2019-02-14 00:27:15,435] {dag_processing.py:1157} INFO - Finding 'running' jobs without a recent heartbeat
[2019-02-14 00:27:15,435] {dag_processing.py:1162} INFO - Failing jobs without heartbeat after 2019-02-14 00:22:15.435525+00:00
[2019-02-14 00:27:25,445] {dag_processing.py:1157} INFO - Finding 'running' jobs without a recent heartbeat
[2019-02-14 00:27:25,446] {dag_processing.py:1162} INFO - Failing jobs without heartbeat after 2019-02-14 00:22:25.446089+00:00
[2019-02-14 00:27:33,459] {dag_processing.py:936} INFO - 
================================================================================
DAG File Processing Stats

File Path                                                                                                 PID  Runtime    Last Runtime    Last Run
------------------------------------------------------------------------------------------------------  -----  ---------  --------------  -------------------
/usr/local/lib/python3.5/dist-packages/airflow/example_dags/example_http_operator.py                                      1.99s           2019-02-14T00:27:17
/usr/local/lib/python3.5/dist-packages/airflow/example_dags/example_bash_operator.py                                      1.99s           2019-02-14T00:27:07
/usr/local/lib/python3.5/dist-packages/airflow/example_dags/subdags/subdag.py                                             1.99s           2019-02-14T00:26:57
/usr/local/lib/python3.5/dist-packages/airflow/example_dags/example_branch_operator.py                                    1.99s           2019-02-14T00:27:27
/usr/local/lib/python3.5/dist-packages/airflow/example_dags/example_branch_python_dop_operator_3.py                       2.00s           2019-02-14T00:27:31
/usr/local/lib/python3.5/dist-packages/airflow/example_dags/example_subdag_operator.py                                    2.00s           2019-02-14T00:27:29
/usr/local/lib/python3.5/dist-packages/airflow/example_dags/example_passing_params_via_test_command.py                    2.00s           2019-02-14T00:27:15
/usr/local/lib/python3.5/dist-packages/airflow/example_dags/example_latest_only.py                                        2.00s           2019-02-14T00:27:03
/usr/local/lib/python3.5/dist-packages/airflow/example_dags/example_latest_only_with_trigger.py                           2.00s           2019-02-14T00:27:21
/usr/local/lib/python3.5/dist-packages/airflow/example_dags/example_xcom.py                                               2.00s           2019-02-14T00:27:09
/usr/local/lib/python3.5/dist-packages/airflow/example_dags/docker_copy_data.py                                           2.00s           2019-02-14T00:27:13
/usr/local/lib/python3.5/dist-packages/airflow/example_dags/example_skip_dag.py                                           2.00s           2019-02-14T00:27:33
/usr/local/lib/python3.5/dist-packages/airflow/example_dags/test_utils.py                                                 2.00s           2019-02-14T00:27:25
/home/ubuntu/consumer-insights/src/airflow/dags/my_dag.py                                                                 2.00s           2019-02-14T00:27:05
/usr/local/lib/python3.5/dist-packages/airflow/example_dags/tutorial.py                                                   2.00s           2019-02-14T00:27:11
/usr/local/lib/python3.5/dist-packages/airflow/example_dags/example_short_circuit_operator.py                             2.00s           2019-02-14T00:27:23
/usr/local/lib/python3.5/dist-packages/airflow/example_dags/example_trigger_target_dag.py                                 2.00s           2019-02-14T00:27:01
/usr/local/lib/python3.5/dist-packages/airflow/example_dags/example_python_operator.py                  30248  0.00s      2.00s           2019-02-14T00:26:55
/usr/local/lib/python3.5/dist-packages/airflow/example_dags/example_trigger_controller_dag.py                             2.00s           2019-02-14T00:26:59
/usr/local/lib/python3.5/dist-packages/airflow/example_dags/example_docker_operator.py                                    2.00s           2019-02-14T00:27:19
================================================================================
[2019-02-14 00:27:35,455] {dag_processing.py:1157} INFO - Finding 'running' jobs without a recent heartbeat
[2019-02-14 00:27:35,455] {dag_processing.py:1162} INFO - Failing jobs without heartbeat after 2019-02-14 00:22:35.455294+00:00
[2019-02-14 00:27:45,464] {dag_processing.py:1157} INFO - Finding 'running' jobs without a recent heartbeat
[2019-02-14 00:27:45,464] {dag_processing.py:1162} INFO - Failing jobs without heartbeat after 2019-02-14 00:22:45.464752+00:00
[2019-02-14 00:27:55,473] {dag_processing.py:1157} INFO - Finding 'running' jobs without a recent heartbeat
[2019-02-14 00:27:55,474] {dag_processing.py:1162} INFO - Failing jobs without heartbeat after 2019-02-14 00:22:55.474192+00:00
[2019-02-14 00:28:03,489] {dag_processing.py:936} INFO - 
================================================================================
DAG File Processing Stats

File Path                                                                                                 PID  Runtime    Last Runtime    Last Run
------------------------------------------------------------------------------------------------------  -----  ---------  --------------  -------------------
/usr/local/lib/python3.5/dist-packages/airflow/example_dags/example_bash_operator.py                                      1.99s           2019-02-14T00:27:47
/usr/local/lib/python3.5/dist-packages/airflow/example_dags/subdags/subdag.py                                             1.99s           2019-02-14T00:27:37
/usr/local/lib/python3.5/dist-packages/airflow/example_dags/example_branch_operator.py                                    1.99s           2019-02-14T00:27:27
/usr/local/lib/python3.5/dist-packages/airflow/example_dags/example_http_operator.py                                      1.99s           2019-02-14T00:27:57
/usr/local/lib/python3.5/dist-packages/airflow/example_dags/example_branch_python_dop_operator_3.py                       2.00s           2019-02-14T00:27:31
/usr/local/lib/python3.5/dist-packages/airflow/example_dags/example_trigger_target_dag.py                                 2.00s           2019-02-14T00:27:41
/usr/local/lib/python3.5/dist-packages/airflow/example_dags/tutorial.py                                                   2.00s           2019-02-14T00:27:51
/usr/local/lib/python3.5/dist-packages/airflow/example_dags/example_subdag_operator.py                                    2.00s           2019-02-14T00:27:29
/home/ubuntu/consumer-insights/src/airflow/dags/my_dag.py                                                                 2.00s           2019-02-14T00:27:45
/usr/local/lib/python3.5/dist-packages/airflow/example_dags/docker_copy_data.py                                           2.00s           2019-02-14T00:27:53
/usr/local/lib/python3.5/dist-packages/airflow/example_dags/example_passing_params_via_test_command.py                    2.00s           2019-02-14T00:27:55
/usr/local/lib/python3.5/dist-packages/airflow/example_dags/example_latest_only_with_trigger.py                           2.00s           2019-02-14T00:28:01
/usr/local/lib/python3.5/dist-packages/airflow/example_dags/example_skip_dag.py                                           2.00s           2019-02-14T00:27:33
/usr/local/lib/python3.5/dist-packages/airflow/example_dags/example_latest_only.py                                        2.00s           2019-02-14T00:27:43
/usr/local/lib/python3.5/dist-packages/airflow/example_dags/test_utils.py                               30280  0.00s      2.00s           2019-02-14T00:27:25
/usr/local/lib/python3.5/dist-packages/airflow/example_dags/example_xcom.py                                               2.00s           2019-02-14T00:27:49
/usr/local/lib/python3.5/dist-packages/airflow/example_dags/example_short_circuit_operator.py                             2.00s           2019-02-14T00:28:03
/usr/local/lib/python3.5/dist-packages/airflow/example_dags/example_python_operator.py                                    2.00s           2019-02-14T00:27:35
/usr/local/lib/python3.5/dist-packages/airflow/example_dags/example_trigger_controller_dag.py                             2.00s           2019-02-14T00:27:39
/usr/local/lib/python3.5/dist-packages/airflow/example_dags/example_docker_operator.py                                    2.00s           2019-02-14T00:27:59
================================================================================
[2019-02-14 00:28:05,484] {dag_processing.py:1157} INFO - Finding 'running' jobs without a recent heartbeat
[2019-02-14 00:28:05,484] {dag_processing.py:1162} INFO - Failing jobs without heartbeat after 2019-02-14 00:23:05.484660+00:00
[2019-02-14 00:28:15,494] {dag_processing.py:1157} INFO - Finding 'running' jobs without a recent heartbeat
[2019-02-14 00:28:15,495] {dag_processing.py:1162} INFO - Failing jobs without heartbeat after 2019-02-14 00:23:15.494975+00:00
[2019-02-14 00:28:25,505] {dag_processing.py:1157} INFO - Finding 'running' jobs without a recent heartbeat
[2019-02-14 00:28:25,505] {dag_processing.py:1162} INFO - Failing jobs without heartbeat after 2019-02-14 00:23:25.505348+00:00
[2019-02-14 00:28:33,520] {dag_processing.py:936} INFO - 
================================================================================
DAG File Processing Stats

File Path                                                                                                 PID  Runtime    Last Runtime    Last Run
------------------------------------------------------------------------------------------------------  -----  ---------  --------------  -------------------
/usr/local/lib/python3.5/dist-packages/airflow/example_dags/example_bash_operator.py                                      1.99s           2019-02-14T00:28:27
/usr/local/lib/python3.5/dist-packages/airflow/example_dags/example_http_operator.py                                      1.99s           2019-02-14T00:27:57
/usr/local/lib/python3.5/dist-packages/airflow/example_dags/subdags/subdag.py                                             1.99s           2019-02-14T00:28:17
/usr/local/lib/python3.5/dist-packages/airflow/example_dags/example_branch_operator.py                                    2.00s           2019-02-14T00:28:07
/usr/local/lib/python3.5/dist-packages/airflow/example_dags/example_trigger_target_dag.py                                 2.00s           2019-02-14T00:28:21
/usr/local/lib/python3.5/dist-packages/airflow/example_dags/example_subdag_operator.py                                    2.00s           2019-02-14T00:28:09
/usr/local/lib/python3.5/dist-packages/airflow/example_dags/test_utils.py                                                 2.00s           2019-02-14T00:28:05
/usr/local/lib/python3.5/dist-packages/airflow/example_dags/example_skip_dag.py                                           2.00s           2019-02-14T00:28:13
/usr/local/lib/python3.5/dist-packages/airflow/example_dags/example_branch_python_dop_operator_3.py                       2.00s           2019-02-14T00:28:11
/home/ubuntu/consumer-insights/src/airflow/dags/my_dag.py                                                                 2.00s           2019-02-14T00:28:25
/usr/local/lib/python3.5/dist-packages/airflow/example_dags/example_passing_params_via_test_command.py  30314  0.00s      2.00s           2019-02-14T00:27:55
/usr/local/lib/python3.5/dist-packages/airflow/example_dags/example_latest_only_with_trigger.py                           2.00s           2019-02-14T00:28:01
/usr/local/lib/python3.5/dist-packages/airflow/example_dags/tutorial.py                                                   2.00s           2019-02-14T00:28:31
/usr/local/lib/python3.5/dist-packages/airflow/example_dags/example_trigger_controller_dag.py                             2.00s           2019-02-14T00:28:19
/usr/local/lib/python3.5/dist-packages/airflow/example_dags/example_short_circuit_operator.py                             2.00s           2019-02-14T00:28:03
/usr/local/lib/python3.5/dist-packages/airflow/example_dags/example_latest_only.py                                        2.00s           2019-02-14T00:28:23
/usr/local/lib/python3.5/dist-packages/airflow/example_dags/example_python_operator.py                                    2.00s           2019-02-14T00:28:15
/usr/local/lib/python3.5/dist-packages/airflow/example_dags/example_xcom.py                                               2.00s           2019-02-14T00:28:29
/usr/local/lib/python3.5/dist-packages/airflow/example_dags/docker_copy_data.py                                           2.00s           2019-02-14T00:28:33
/usr/local/lib/python3.5/dist-packages/airflow/example_dags/example_docker_operator.py                                    2.00s           2019-02-14T00:27:59
================================================================================
[2019-02-14 00:28:35,515] {dag_processing.py:1157} INFO - Finding 'running' jobs without a recent heartbeat
[2019-02-14 00:28:35,515] {dag_processing.py:1162} INFO - Failing jobs without heartbeat after 2019-02-14 00:23:35.515942+00:00
[2019-02-14 00:28:45,526] {dag_processing.py:1157} INFO - Finding 'running' jobs without a recent heartbeat
[2019-02-14 00:28:45,527] {dag_processing.py:1162} INFO - Failing jobs without heartbeat after 2019-02-14 00:23:45.526961+00:00
[2019-02-14 00:28:57,538] {dag_processing.py:1157} INFO - Finding 'running' jobs without a recent heartbeat
[2019-02-14 00:28:57,539] {dag_processing.py:1162} INFO - Failing jobs without heartbeat after 2019-02-14 00:23:57.538946+00:00
[2019-02-14 00:29:03,552] {dag_processing.py:936} INFO - 
================================================================================
DAG File Processing Stats

File Path                                                                                                 PID  Runtime    Last Runtime    Last Run
------------------------------------------------------------------------------------------------------  -----  ---------  --------------  -------------------
/usr/local/lib/python3.5/dist-packages/airflow/example_dags/example_branch_operator.py                                    1.96s           2019-02-14T00:28:47
/usr/local/lib/python3.5/dist-packages/airflow/example_dags/example_trigger_controller_dag.py                             1.99s           2019-02-14T00:28:59
/usr/local/lib/python3.5/dist-packages/airflow/example_dags/example_bash_operator.py                                      1.99s           2019-02-14T00:28:27
/usr/local/lib/python3.5/dist-packages/airflow/example_dags/example_http_operator.py                                      1.99s           2019-02-14T00:28:37
/usr/local/lib/python3.5/dist-packages/airflow/example_dags/example_subdag_operator.py                                    2.00s           2019-02-14T00:28:49
/usr/local/lib/python3.5/dist-packages/airflow/example_dags/example_python_operator.py                                    2.00s           2019-02-14T00:28:55
/usr/local/lib/python3.5/dist-packages/airflow/example_dags/example_passing_params_via_test_command.py                    2.00s           2019-02-14T00:28:35
/usr/local/lib/python3.5/dist-packages/airflow/example_dags/example_trigger_target_dag.py                                 2.00s           2019-02-14T00:29:01
/usr/local/lib/python3.5/dist-packages/airflow/example_dags/example_skip_dag.py                                           2.00s           2019-02-14T00:28:53
/home/ubuntu/consumer-insights/src/airflow/dags/my_dag.py                                               30346  0.00s      2.00s           2019-02-14T00:28:25
/usr/local/lib/python3.5/dist-packages/airflow/example_dags/tutorial.py                                                   2.00s           2019-02-14T00:28:31
/usr/local/lib/python3.5/dist-packages/airflow/example_dags/example_short_circuit_operator.py                             2.00s           2019-02-14T00:28:43
/usr/local/lib/python3.5/dist-packages/airflow/example_dags/example_branch_python_dop_operator_3.py                       2.00s           2019-02-14T00:28:51
/usr/local/lib/python3.5/dist-packages/airflow/example_dags/example_latest_only.py                                        2.00s           2019-02-14T00:29:03
/usr/local/lib/python3.5/dist-packages/airflow/example_dags/example_docker_operator.py                                    2.00s           2019-02-14T00:28:39
/usr/local/lib/python3.5/dist-packages/airflow/example_dags/test_utils.py                                                 2.00s           2019-02-14T00:28:45
/usr/local/lib/python3.5/dist-packages/airflow/example_dags/example_latest_only_with_trigger.py                           2.00s           2019-02-14T00:28:41
/usr/local/lib/python3.5/dist-packages/airflow/example_dags/subdags/subdag.py                                             2.00s           2019-02-14T00:28:57
/usr/local/lib/python3.5/dist-packages/airflow/example_dags/example_xcom.py                                               2.00s           2019-02-14T00:28:29
/usr/local/lib/python3.5/dist-packages/airflow/example_dags/docker_copy_data.py                                           2.00s           2019-02-14T00:28:33
================================================================================
[2019-02-14 00:29:07,548] {dag_processing.py:1157} INFO - Finding 'running' jobs without a recent heartbeat
[2019-02-14 00:29:07,548] {dag_processing.py:1162} INFO - Failing jobs without heartbeat after 2019-02-14 00:24:07.548926+00:00
[2019-02-14 00:29:17,559] {dag_processing.py:1157} INFO - Finding 'running' jobs without a recent heartbeat
[2019-02-14 00:29:17,559] {dag_processing.py:1162} INFO - Failing jobs without heartbeat after 2019-02-14 00:24:17.559442+00:00
[2019-02-14 00:29:27,569] {dag_processing.py:1157} INFO - Finding 'running' jobs without a recent heartbeat
[2019-02-14 00:29:27,570] {dag_processing.py:1162} INFO - Failing jobs without heartbeat after 2019-02-14 00:24:27.570272+00:00
[2019-02-14 00:29:33,582] {dag_processing.py:936} INFO - 
================================================================================
DAG File Processing Stats

File Path                                                                                                 PID  Runtime    Last Runtime    Last Run
------------------------------------------------------------------------------------------------------  -----  ---------  --------------  -------------------
/usr/local/lib/python3.5/dist-packages/airflow/example_dags/example_subdag_operator.py                                    1.99s           2019-02-14T00:29:29
/usr/local/lib/python3.5/dist-packages/airflow/example_dags/example_docker_operator.py                                    1.99s           2019-02-14T00:29:19
/usr/local/lib/python3.5/dist-packages/airflow/example_dags/example_xcom.py                                               1.99s           2019-02-14T00:29:09
/usr/local/lib/python3.5/dist-packages/airflow/example_dags/example_trigger_controller_dag.py                             1.99s           2019-02-14T00:28:59
/usr/local/lib/python3.5/dist-packages/airflow/example_dags/example_passing_params_via_test_command.py                    2.00s           2019-02-14T00:29:15
/usr/local/lib/python3.5/dist-packages/airflow/example_dags/example_bash_operator.py                                      2.00s           2019-02-14T00:29:07
/usr/local/lib/python3.5/dist-packages/airflow/example_dags/example_python_operator.py                  30382  0.00s      2.00s           2019-02-14T00:28:55
/usr/local/lib/python3.5/dist-packages/airflow/example_dags/test_utils.py                                                 2.00s           2019-02-14T00:29:25
/home/ubuntu/consumer-insights/src/airflow/dags/my_dag.py                                                                 2.00s           2019-02-14T00:29:05
/usr/local/lib/python3.5/dist-packages/airflow/example_dags/example_trigger_target_dag.py                                 2.00s           2019-02-14T00:29:01
/usr/local/lib/python3.5/dist-packages/airflow/example_dags/docker_copy_data.py                                           2.00s           2019-02-14T00:29:13
/usr/local/lib/python3.5/dist-packages/airflow/example_dags/example_skip_dag.py                                           2.00s           2019-02-14T00:29:33
/usr/local/lib/python3.5/dist-packages/airflow/example_dags/example_latest_only_with_trigger.py                           2.00s           2019-02-14T00:29:21
/usr/local/lib/python3.5/dist-packages/airflow/example_dags/example_short_circuit_operator.py                             2.00s           2019-02-14T00:29:23
/usr/local/lib/python3.5/dist-packages/airflow/example_dags/example_branch_operator.py                                    2.00s           2019-02-14T00:29:27
/usr/local/lib/python3.5/dist-packages/airflow/example_dags/example_http_operator.py                                      2.00s           2019-02-14T00:29:17
/usr/local/lib/python3.5/dist-packages/airflow/example_dags/example_latest_only.py                                        2.00s           2019-02-14T00:29:03
/usr/local/lib/python3.5/dist-packages/airflow/example_dags/example_branch_python_dop_operator_3.py                       2.00s           2019-02-14T00:29:31
/usr/local/lib/python3.5/dist-packages/airflow/example_dags/tutorial.py                                                   2.00s           2019-02-14T00:29:11
/usr/local/lib/python3.5/dist-packages/airflow/example_dags/subdags/subdag.py                                             2.00s           2019-02-14T00:28:57
================================================================================
[2019-02-14 00:29:37,580] {dag_processing.py:1157} INFO - Finding 'running' jobs without a recent heartbeat
[2019-02-14 00:29:37,580] {dag_processing.py:1162} INFO - Failing jobs without heartbeat after 2019-02-14 00:24:37.580526+00:00
[2019-02-14 00:29:47,591] {dag_processing.py:1157} INFO - Finding 'running' jobs without a recent heartbeat
[2019-02-14 00:29:47,591] {dag_processing.py:1162} INFO - Failing jobs without heartbeat after 2019-02-14 00:24:47.591475+00:00
[2019-02-14 00:29:57,600] {dag_processing.py:1157} INFO - Finding 'running' jobs without a recent heartbeat
[2019-02-14 00:29:57,601] {dag_processing.py:1162} INFO - Failing jobs without heartbeat after 2019-02-14 00:24:57.601221+00:00
[2019-02-14 00:30:03,613] {dag_processing.py:936} INFO - 
================================================================================
DAG File Processing Stats

File Path                                                                                                 PID  Runtime    Last Runtime    Last Run
------------------------------------------------------------------------------------------------------  -----  ---------  --------------  -------------------
/usr/local/lib/python3.5/dist-packages/airflow/example_dags/example_subdag_operator.py                                    1.99s           2019-02-14T00:29:29
/usr/local/lib/python3.5/dist-packages/airflow/example_dags/example_trigger_controller_dag.py                             1.99s           2019-02-14T00:29:39
/usr/local/lib/python3.5/dist-packages/airflow/example_dags/example_xcom.py                                               1.99s           2019-02-14T00:29:49
/usr/local/lib/python3.5/dist-packages/airflow/example_dags/example_docker_operator.py                                    1.99s           2019-02-14T00:29:59
/usr/local/lib/python3.5/dist-packages/airflow/example_dags/docker_copy_data.py                                           2.00s           2019-02-14T00:29:53
/usr/local/lib/python3.5/dist-packages/airflow/example_dags/example_latest_only_with_trigger.py                           2.00s           2019-02-14T00:30:01
/usr/local/lib/python3.5/dist-packages/airflow/example_dags/tutorial.py                                                   2.00s           2019-02-14T00:29:51
/usr/local/lib/python3.5/dist-packages/airflow/example_dags/test_utils.py                               30414  0.00s      2.00s           2019-02-14T00:29:25
/usr/local/lib/python3.5/dist-packages/airflow/example_dags/example_latest_only.py                                        2.00s           2019-02-14T00:29:43
/usr/local/lib/python3.5/dist-packages/airflow/example_dags/example_skip_dag.py                                           2.00s           2019-02-14T00:29:33
/usr/local/lib/python3.5/dist-packages/airflow/example_dags/subdags/subdag.py                                             2.00s           2019-02-14T00:29:37
/home/ubuntu/consumer-insights/src/airflow/dags/my_dag.py                                                                 2.00s           2019-02-14T00:29:45
/usr/local/lib/python3.5/dist-packages/airflow/example_dags/example_branch_operator.py                                    2.00s           2019-02-14T00:29:27
/usr/local/lib/python3.5/dist-packages/airflow/example_dags/example_short_circuit_operator.py                             2.00s           2019-02-14T00:30:03
/usr/local/lib/python3.5/dist-packages/airflow/example_dags/example_python_operator.py                                    2.00s           2019-02-14T00:29:35
/usr/local/lib/python3.5/dist-packages/airflow/example_dags/example_passing_params_via_test_command.py                    2.00s           2019-02-14T00:29:55
/usr/local/lib/python3.5/dist-packages/airflow/example_dags/example_http_operator.py                                      2.00s           2019-02-14T00:29:57
/usr/local/lib/python3.5/dist-packages/airflow/example_dags/example_branch_python_dop_operator_3.py                       2.00s           2019-02-14T00:29:31
/usr/local/lib/python3.5/dist-packages/airflow/example_dags/example_trigger_target_dag.py                                 2.00s           2019-02-14T00:29:41
/usr/local/lib/python3.5/dist-packages/airflow/example_dags/example_bash_operator.py                                      2.00s           2019-02-14T00:29:47
================================================================================
[2019-02-14 00:30:07,611] {dag_processing.py:1157} INFO - Finding 'running' jobs without a recent heartbeat
[2019-02-14 00:30:07,611] {dag_processing.py:1162} INFO - Failing jobs without heartbeat after 2019-02-14 00:25:07.611769+00:00
[2019-02-14 00:30:17,622] {dag_processing.py:1157} INFO - Finding 'running' jobs without a recent heartbeat
[2019-02-14 00:30:17,622] {dag_processing.py:1162} INFO - Failing jobs without heartbeat after 2019-02-14 00:25:17.622442+00:00
[2019-02-14 00:30:27,633] {dag_processing.py:1157} INFO - Finding 'running' jobs without a recent heartbeat
[2019-02-14 00:30:27,633] {dag_processing.py:1162} INFO - Failing jobs without heartbeat after 2019-02-14 00:25:27.633337+00:00
[2019-02-14 00:30:33,646] {dag_processing.py:936} INFO - 
================================================================================
DAG File Processing Stats

File Path                                                                                                 PID  Runtime    Last Runtime    Last Run
------------------------------------------------------------------------------------------------------  -----  ---------  --------------  -------------------
/usr/local/lib/python3.5/dist-packages/airflow/example_dags/example_trigger_controller_dag.py                             1.99s           2019-02-14T00:30:19
/usr/local/lib/python3.5/dist-packages/airflow/example_dags/example_subdag_operator.py                                    1.99s           2019-02-14T00:30:09
/usr/local/lib/python3.5/dist-packages/airflow/example_dags/example_docker_operator.py                                    1.99s           2019-02-14T00:29:59
/usr/local/lib/python3.5/dist-packages/airflow/example_dags/example_xcom.py                                               1.99s           2019-02-14T00:30:29
/usr/local/lib/python3.5/dist-packages/airflow/example_dags/example_latest_only_with_trigger.py                           2.00s           2019-02-14T00:30:01
/usr/local/lib/python3.5/dist-packages/airflow/example_dags/example_branch_python_dop_operator_3.py                       2.00s           2019-02-14T00:30:11
/home/ubuntu/consumer-insights/src/airflow/dags/my_dag.py                                                                 2.00s           2019-02-14T00:30:25
/usr/local/lib/python3.5/dist-packages/airflow/example_dags/example_trigger_target_dag.py                                 2.00s           2019-02-14T00:30:21
/usr/local/lib/python3.5/dist-packages/airflow/example_dags/example_skip_dag.py                                           2.00s           2019-02-14T00:30:13
/usr/local/lib/python3.5/dist-packages/airflow/example_dags/test_utils.py                                                 2.00s           2019-02-14T00:30:05
/usr/local/lib/python3.5/dist-packages/airflow/example_dags/example_short_circuit_operator.py                             2.00s           2019-02-14T00:30:03
/usr/local/lib/python3.5/dist-packages/airflow/example_dags/docker_copy_data.py                                           2.00s           2019-02-14T00:30:33
/usr/local/lib/python3.5/dist-packages/airflow/example_dags/example_latest_only.py                                        2.00s           2019-02-14T00:30:23
/usr/local/lib/python3.5/dist-packages/airflow/example_dags/example_passing_params_via_test_command.py  30448  0.00s      2.00s           2019-02-14T00:29:55
/usr/local/lib/python3.5/dist-packages/airflow/example_dags/example_http_operator.py                                      2.00s           2019-02-14T00:29:57
/usr/local/lib/python3.5/dist-packages/airflow/example_dags/tutorial.py                                                   2.00s           2019-02-14T00:30:31
/usr/local/lib/python3.5/dist-packages/airflow/example_dags/example_bash_operator.py                                      2.00s           2019-02-14T00:30:27
/usr/local/lib/python3.5/dist-packages/airflow/example_dags/example_branch_operator.py                                    2.00s           2019-02-14T00:30:07
/usr/local/lib/python3.5/dist-packages/airflow/example_dags/example_python_operator.py                                    2.00s           2019-02-14T00:30:15
/usr/local/lib/python3.5/dist-packages/airflow/example_dags/subdags/subdag.py                                             2.00s           2019-02-14T00:30:17
================================================================================
[2019-02-14 00:30:37,644] {dag_processing.py:1157} INFO - Finding 'running' jobs without a recent heartbeat
[2019-02-14 00:30:37,644] {dag_processing.py:1162} INFO - Failing jobs without heartbeat after 2019-02-14 00:25:37.644331+00:00
[2019-02-14 00:30:47,654] {dag_processing.py:1157} INFO - Finding 'running' jobs without a recent heartbeat
[2019-02-14 00:30:47,654] {dag_processing.py:1162} INFO - Failing jobs without heartbeat after 2019-02-14 00:25:47.654798+00:00
[2019-02-14 00:30:57,662] {dag_processing.py:1157} INFO - Finding 'running' jobs without a recent heartbeat
[2019-02-14 00:30:57,663] {dag_processing.py:1162} INFO - Failing jobs without heartbeat after 2019-02-14 00:25:57.663055+00:00
[2019-02-14 00:31:03,668] {dag_processing.py:837} INFO - Searching for files in /home/ubuntu/consumer-insights/src/airflow/dags
[2019-02-14 00:31:03,671] {dag_processing.py:842} INFO - There are 20 files in /home/ubuntu/consumer-insights/src/airflow/dags
[2019-02-14 00:31:03,682] {dag_processing.py:936} INFO - 
================================================================================
DAG File Processing Stats

File Path                                                                                                 PID  Runtime    Last Runtime    Last Run
------------------------------------------------------------------------------------------------------  -----  ---------  --------------  -------------------
/usr/local/lib/python3.5/dist-packages/airflow/example_dags/example_subdag_operator.py                                    1.98s           2019-02-14T00:30:49
/usr/local/lib/python3.5/dist-packages/airflow/example_dags/example_docker_operator.py                                    1.99s           2019-02-14T00:30:39
/usr/local/lib/python3.5/dist-packages/airflow/example_dags/example_trigger_controller_dag.py                             1.99s           2019-02-14T00:30:59
/usr/local/lib/python3.5/dist-packages/airflow/example_dags/example_xcom.py                                               1.99s           2019-02-14T00:30:29
/usr/local/lib/python3.5/dist-packages/airflow/example_dags/example_python_operator.py                                    2.00s           2019-02-14T00:30:55
/usr/local/lib/python3.5/dist-packages/airflow/example_dags/test_utils.py                                                 2.00s           2019-02-14T00:30:45
/usr/local/lib/python3.5/dist-packages/airflow/example_dags/example_short_circuit_operator.py                             2.00s           2019-02-14T00:30:43
/usr/local/lib/python3.5/dist-packages/airflow/example_dags/example_branch_python_dop_operator_3.py                       2.00s           2019-02-14T00:30:51
/usr/local/lib/python3.5/dist-packages/airflow/example_dags/example_trigger_target_dag.py                                 2.00s           2019-02-14T00:31:01
/usr/local/lib/python3.5/dist-packages/airflow/example_dags/example_branch_operator.py                                    2.00s           2019-02-14T00:30:47
/home/ubuntu/consumer-insights/src/airflow/dags/my_dag.py                                               30480  0.00s      2.00s           2019-02-14T00:30:25
/usr/local/lib/python3.5/dist-packages/airflow/example_dags/docker_copy_data.py                                           2.00s           2019-02-14T00:30:33
/usr/local/lib/python3.5/dist-packages/airflow/example_dags/example_http_operator.py                                      2.00s           2019-02-14T00:30:37
/usr/local/lib/python3.5/dist-packages/airflow/example_dags/example_skip_dag.py                                           2.00s           2019-02-14T00:30:53
/usr/local/lib/python3.5/dist-packages/airflow/example_dags/tutorial.py                                                   2.00s           2019-02-14T00:30:31
/usr/local/lib/python3.5/dist-packages/airflow/example_dags/example_bash_operator.py                                      2.00s           2019-02-14T00:30:27
/usr/local/lib/python3.5/dist-packages/airflow/example_dags/example_passing_params_via_test_command.py                    2.00s           2019-02-14T00:30:35
/usr/local/lib/python3.5/dist-packages/airflow/example_dags/subdags/subdag.py                                             2.00s           2019-02-14T00:30:57
/usr/local/lib/python3.5/dist-packages/airflow/example_dags/example_latest_only_with_trigger.py                           2.00s           2019-02-14T00:30:41
/usr/local/lib/python3.5/dist-packages/airflow/example_dags/example_latest_only.py                                        2.01s           2019-02-14T00:31:03
================================================================================
[2019-02-14 00:31:07,672] {dag_processing.py:1157} INFO - Finding 'running' jobs without a recent heartbeat
[2019-02-14 00:31:07,673] {dag_processing.py:1162} INFO - Failing jobs without heartbeat after 2019-02-14 00:26:07.672996+00:00
[2019-02-14 00:31:17,683] {dag_processing.py:1157} INFO - Finding 'running' jobs without a recent heartbeat
[2019-02-14 00:31:17,683] {dag_processing.py:1162} INFO - Failing jobs without heartbeat after 2019-02-14 00:26:17.683607+00:00
[2019-02-14 00:31:27,694] {dag_processing.py:1157} INFO - Finding 'running' jobs without a recent heartbeat
[2019-02-14 00:31:27,694] {dag_processing.py:1162} INFO - Failing jobs without heartbeat after 2019-02-14 00:26:27.694351+00:00
[2019-02-14 00:31:33,707] {dag_processing.py:936} INFO - 
================================================================================
DAG File Processing Stats

File Path                                                                                                 PID  Runtime    Last Runtime    Last Run
------------------------------------------------------------------------------------------------------  -----  ---------  --------------  -------------------
/home/ubuntu/consumer-insights/src/airflow/dags/my_dag.py                                                                 1.99s           2019-02-14T00:31:05
/usr/local/lib/python3.5/dist-packages/airflow/example_dags/example_trigger_controller_dag.py                             1.99s           2019-02-14T00:30:59
/usr/local/lib/python3.5/dist-packages/airflow/example_dags/example_docker_operator.py                                    1.99s           2019-02-14T00:31:19
/usr/local/lib/python3.5/dist-packages/airflow/example_dags/example_xcom.py                                               1.99s           2019-02-14T00:31:09
/usr/local/lib/python3.5/dist-packages/airflow/example_dags/example_subdag_operator.py                                    1.99s           2019-02-14T00:31:29
/usr/local/lib/python3.5/dist-packages/airflow/example_dags/example_python_operator.py                  30514  0.00s      2.00s           2019-02-14T00:30:55
/usr/local/lib/python3.5/dist-packages/airflow/example_dags/example_trigger_target_dag.py                                 2.00s           2019-02-14T00:31:01
/usr/local/lib/python3.5/dist-packages/airflow/example_dags/example_branch_operator.py                                    2.00s           2019-02-14T00:31:27
/usr/local/lib/python3.5/dist-packages/airflow/example_dags/example_http_operator.py                                      2.00s           2019-02-14T00:31:17
/usr/local/lib/python3.5/dist-packages/airflow/example_dags/docker_copy_data.py                                           2.00s           2019-02-14T00:31:13
/usr/local/lib/python3.5/dist-packages/airflow/example_dags/test_utils.py                                                 2.00s           2019-02-14T00:31:25
/usr/local/lib/python3.5/dist-packages/airflow/example_dags/example_branch_python_dop_operator_3.py                       2.00s           2019-02-14T00:31:31
/usr/local/lib/python3.5/dist-packages/airflow/example_dags/example_skip_dag.py                                           2.00s           2019-02-14T00:31:33
/usr/local/lib/python3.5/dist-packages/airflow/example_dags/example_latest_only_with_trigger.py                           2.00s           2019-02-14T00:31:21
/usr/local/lib/python3.5/dist-packages/airflow/example_dags/example_bash_operator.py                                      2.00s           2019-02-14T00:31:07
/usr/local/lib/python3.5/dist-packages/airflow/example_dags/example_passing_params_via_test_command.py                    2.00s           2019-02-14T00:31:15
/usr/local/lib/python3.5/dist-packages/airflow/example_dags/tutorial.py                                                   2.00s           2019-02-14T00:31:11
/usr/local/lib/python3.5/dist-packages/airflow/example_dags/subdags/subdag.py                                             2.00s           2019-02-14T00:30:57
/usr/local/lib/python3.5/dist-packages/airflow/example_dags/example_short_circuit_operator.py                             2.00s           2019-02-14T00:31:23
/usr/local/lib/python3.5/dist-packages/airflow/example_dags/example_latest_only.py                                        2.01s           2019-02-14T00:31:03
================================================================================
[2019-02-14 00:31:37,704] {dag_processing.py:1157} INFO - Finding 'running' jobs without a recent heartbeat
[2019-02-14 00:31:37,705] {dag_processing.py:1162} INFO - Failing jobs without heartbeat after 2019-02-14 00:26:37.705273+00:00
[2019-02-14 00:31:47,715] {dag_processing.py:1157} INFO - Finding 'running' jobs without a recent heartbeat
[2019-02-14 00:31:47,716] {dag_processing.py:1162} INFO - Failing jobs without heartbeat after 2019-02-14 00:26:47.716000+00:00
[2019-02-14 00:31:48,837] {dag_processing.py:708} INFO - Exiting gracefully upon receiving signal 2
[2019-02-14 00:31:48,843] {dag_processing.py:1222} INFO - Waiting up to 5 seconds for processes to exit...
[2019-02-14 00:31:48,844] {dag_processing.py:708} INFO - Exiting gracefully upon receiving signal 15
[2019-02-14 00:31:48,847] {dag_processing.py:1222} INFO - Waiting up to 5 seconds for processes to exit...
